<?xml version="1.0" encoding="UTF-8"?>
<testsuite xmlns:xsi="http://www.w3.org/2001/XMLSchema-instance" xsi:noNamespaceSchemaLocation="https://maven.apache.org/surefire/maven-surefire-plugin/xsd/surefire-test-report-3.0.xsd" version="3.0" name="com.ejercicio2.TestRunner" time="10.013" tests="4" errors="0" skipped="0" failures="0">
  <properties>
[...]
</properties>
  <testcase name="[1:11] Signup crea un usuario nuevo" classname="DemoblazeAuth" time="4.263">
    <system-out><![CDATA[16:13:39.619 [main] DEBUG com.jayway.jsonpath.internal.path.CompiledPath - Evaluating path: $
16:13:39.874 [main] INFO com.intuit.karate - >> lock acquired, begin callonce: read('classpath:helpers/create-user.feature')
16:13:40.171 [main] DEBUG com.jayway.jsonpath.internal.path.CompiledPath - Evaluating path: $
16:13:40.173 [main] DEBUG com.jayway.jsonpath.internal.path.CompiledPath - Evaluating path: $
16:13:40.222 [main] DEBUG io.netty.util.internal.logging.InternalLoggerFactory - Using SLF4J as the default logging framework
16:13:40.226 [main] DEBUG io.netty.util.internal.PlatformDependent0 - -Dio.netty.noUnsafe: false
16:13:40.226 [main] DEBUG io.netty.util.internal.PlatformDependent0 - Java version: 17
16:13:40.228 [main] DEBUG io.netty.util.internal.PlatformDependent0 - sun.misc.Unsafe.theUnsafe: available
16:13:40.228 [main] DEBUG io.netty.util.internal.PlatformDependent0 - sun.misc.Unsafe.copyMemory: available
16:13:40.230 [main] DEBUG io.netty.util.internal.PlatformDependent0 - sun.misc.Unsafe.storeFence: available
16:13:40.230 [main] DEBUG io.netty.util.internal.PlatformDependent0 - java.nio.Buffer.address: available
16:13:40.230 [main] DEBUG io.netty.util.internal.PlatformDependent0 - direct buffer constructor: unavailable: Reflective setAccessible(true) disabled
16:13:40.232 [main] DEBUG io.netty.util.internal.PlatformDependent0 - java.nio.Bits.unaligned: available, true
16:13:40.234 [main] DEBUG io.netty.util.internal.PlatformDependent0 - jdk.internal.misc.Unsafe.allocateUninitializedArray(int): unavailable: class io.netty.util.internal.PlatformDependent0$7 cannot access class jdk.internal.misc.Unsafe (in module java.base) because module java.base does not export jdk.internal.misc to unnamed module @3578436e
16:13:40.235 [main] DEBUG io.netty.util.internal.PlatformDependent0 - java.nio.DirectByteBuffer.<init>(long, int): unavailable
16:13:40.235 [main] DEBUG io.netty.util.internal.PlatformDependent - sun.misc.Unsafe: available
16:13:40.237 [main] DEBUG io.netty.util.internal.PlatformDependent - maxDirectMemory: 8464105472 bytes (maybe)
16:13:40.237 [main] DEBUG io.netty.util.internal.PlatformDependent - -Dio.netty.tmpdir: C:\Users\aromero\AppData\Local\Temp (java.io.tmpdir)
16:13:40.239 [main] DEBUG io.netty.util.internal.PlatformDependent - -Dio.netty.bitMode: 64 (sun.arch.data.model)
16:13:40.239 [main] DEBUG io.netty.util.internal.PlatformDependent - Platform: Windows
16:13:40.239 [main] DEBUG io.netty.util.internal.PlatformDependent - -Dio.netty.maxDirectMemory: -1 bytes
16:13:40.239 [main] DEBUG io.netty.util.internal.PlatformDependent - -Dio.netty.uninitializedArrayAllocationThreshold: -1
16:13:40.243 [main] DEBUG io.netty.util.internal.CleanerJava9 - java.nio.ByteBuffer.cleaner(): available
16:13:40.243 [main] DEBUG io.netty.util.internal.PlatformDependent - -Dio.netty.noPreferDirect: false
16:13:40.648 [main] DEBUG org.apache.http.client.protocol.RequestAddCookies - CookieSpec selected: karate
16:13:40.667 [main] DEBUG org.apache.http.client.protocol.RequestAuthCache - Auth cache not set in the context
16:13:40.673 [main] DEBUG com.intuit.karate - request:
1 > POST https://api.demoblaze.com/signup
1 > Content-Type: application/json; charset=UTF-8
1 > Accept: application/json
1 > Content-Length: 77
1 > Host: api.demoblaze.com
1 > Connection: Keep-Alive
1 > User-Agent: Apache-HttpClient/4.5.14 (Java/17.0.12)
1 > Accept-Encoding: gzip,deflate
{"username":"uaf7ee3b08d85","password":"bd17ab33e854-44e5-9195-d48d747c3eea"}

16:13:40.676 [main] DEBUG org.apache.http.impl.conn.PoolingHttpClientConnectionManager - Connection request: [route: {s}->https://api.demoblaze.com:443][total available: 0; route allocated: 0 of 5; total allocated: 0 of 10]
16:13:40.700 [main] DEBUG org.apache.http.impl.conn.PoolingHttpClientConnectionManager - Connection leased: [id: 0][route: {s}->https://api.demoblaze.com:443][total available: 0; route allocated: 1 of 5; total allocated: 1 of 10]
16:13:40.702 [main] DEBUG org.apache.http.impl.execchain.MainClientExec - Opening connection {s}->https://api.demoblaze.com:443
16:13:40.721 [main] DEBUG org.apache.http.impl.conn.DefaultHttpClientConnectionOperator - Connecting to api.demoblaze.com/142.251.129.211:443
16:13:40.721 [main] DEBUG org.apache.http.conn.ssl.SSLConnectionSocketFactory - Connecting socket to api.demoblaze.com/142.251.129.211:443 with timeout 30000
16:13:40.797 [main] DEBUG org.apache.http.conn.ssl.SSLConnectionSocketFactory - Enabled protocols: [TLSv1.3, TLSv1.2]
16:13:40.797 [main] DEBUG org.apache.http.conn.ssl.SSLConnectionSocketFactory - Enabled cipher suites:[TLS_AES_256_GCM_SHA384, TLS_AES_128_GCM_SHA256, TLS_CHACHA20_POLY1305_SHA256, TLS_ECDHE_ECDSA_WITH_AES_256_GCM_SHA384, TLS_ECDHE_ECDSA_WITH_AES_128_GCM_SHA256, TLS_ECDHE_ECDSA_WITH_CHACHA20_POLY1305_SHA256, TLS_ECDHE_RSA_WITH_AES_256_GCM_SHA384, TLS_ECDHE_RSA_WITH_CHACHA20_POLY1305_SHA256, TLS_ECDHE_RSA_WITH_AES_128_GCM_SHA256, TLS_DHE_RSA_WITH_AES_256_GCM_SHA384, TLS_DHE_RSA_WITH_CHACHA20_POLY1305_SHA256, TLS_DHE_DSS_WITH_AES_256_GCM_SHA384, TLS_DHE_RSA_WITH_AES_128_GCM_SHA256, TLS_DHE_DSS_WITH_AES_128_GCM_SHA256, TLS_ECDHE_ECDSA_WITH_AES_256_CBC_SHA384, TLS_ECDHE_RSA_WITH_AES_256_CBC_SHA384, TLS_ECDHE_ECDSA_WITH_AES_128_CBC_SHA256, TLS_ECDHE_RSA_WITH_AES_128_CBC_SHA256, TLS_DHE_RSA_WITH_AES_256_CBC_SHA256, TLS_DHE_DSS_WITH_AES_256_CBC_SHA256, TLS_DHE_RSA_WITH_AES_128_CBC_SHA256, TLS_DHE_DSS_WITH_AES_128_CBC_SHA256, TLS_ECDH_ECDSA_WITH_AES_256_GCM_SHA384, TLS_ECDH_RSA_WITH_AES_256_GCM_SHA384, TLS_ECDH_ECDSA_WITH_AES_128_GCM_SHA256, TLS_ECDH_RSA_WITH_AES_128_GCM_SHA256, TLS_ECDH_ECDSA_WITH_AES_256_CBC_SHA384, TLS_ECDH_RSA_WITH_AES_256_CBC_SHA384, TLS_ECDH_ECDSA_WITH_AES_128_CBC_SHA256, TLS_ECDH_RSA_WITH_AES_128_CBC_SHA256, TLS_ECDHE_ECDSA_WITH_AES_256_CBC_SHA, TLS_ECDHE_RSA_WITH_AES_256_CBC_SHA, TLS_ECDHE_ECDSA_WITH_AES_128_CBC_SHA, TLS_ECDHE_RSA_WITH_AES_128_CBC_SHA, TLS_DHE_RSA_WITH_AES_256_CBC_SHA, TLS_DHE_DSS_WITH_AES_256_CBC_SHA, TLS_DHE_RSA_WITH_AES_128_CBC_SHA, TLS_DHE_DSS_WITH_AES_128_CBC_SHA, TLS_ECDH_ECDSA_WITH_AES_256_CBC_SHA, TLS_ECDH_RSA_WITH_AES_256_CBC_SHA, TLS_ECDH_ECDSA_WITH_AES_128_CBC_SHA, TLS_ECDH_RSA_WITH_AES_128_CBC_SHA, TLS_RSA_WITH_AES_256_GCM_SHA384, TLS_RSA_WITH_AES_128_GCM_SHA256, TLS_RSA_WITH_AES_256_CBC_SHA256, TLS_RSA_WITH_AES_128_CBC_SHA256, TLS_RSA_WITH_AES_256_CBC_SHA, TLS_RSA_WITH_AES_128_CBC_SHA, TLS_EMPTY_RENEGOTIATION_INFO_SCSV]
16:13:40.797 [main] DEBUG org.apache.http.conn.ssl.SSLConnectionSocketFactory - Starting handshake
16:13:41.216 [main] DEBUG org.apache.http.conn.ssl.SSLConnectionSocketFactory - Secure session established
16:13:41.218 [main] DEBUG org.apache.http.conn.ssl.SSLConnectionSocketFactory -  negotiated protocol: TLSv1.3
16:13:41.218 [main] DEBUG org.apache.http.conn.ssl.SSLConnectionSocketFactory -  negotiated cipher suite: TLS_AES_256_GCM_SHA384
16:13:41.218 [main] DEBUG org.apache.http.conn.ssl.SSLConnectionSocketFactory -  peer principal: CN=api.demoblaze.com
16:13:41.218 [main] DEBUG org.apache.http.conn.ssl.SSLConnectionSocketFactory -  peer alternative names: [api.demoblaze.com]
16:13:41.218 [main] DEBUG org.apache.http.conn.ssl.SSLConnectionSocketFactory -  issuer principal: CN=WR3, O=Google Trust Services, C=US
16:13:41.226 [main] DEBUG org.apache.http.impl.conn.DefaultHttpClientConnectionOperator - Connection established 10.10.10.151:55408<->142.251.129.211:443
16:13:41.226 [main] DEBUG org.apache.http.impl.conn.DefaultManagedHttpClientConnection - http-outgoing-0: set socket timeout to 30000
16:13:41.227 [main] DEBUG org.apache.http.impl.execchain.MainClientExec - Executing request POST /signup HTTP/1.1
16:13:41.227 [main] DEBUG org.apache.http.impl.execchain.MainClientExec - Target auth state: UNCHALLENGED
16:13:41.227 [main] DEBUG org.apache.http.impl.execchain.MainClientExec - Proxy auth state: UNCHALLENGED
16:13:41.229 [main] DEBUG org.apache.http.headers - http-outgoing-0 >> POST /signup HTTP/1.1
16:13:41.229 [main] DEBUG org.apache.http.headers - http-outgoing-0 >> Content-Type: application/json; charset=UTF-8
16:13:41.230 [main] DEBUG org.apache.http.headers - http-outgoing-0 >> Accept: application/json
16:13:41.230 [main] DEBUG org.apache.http.headers - http-outgoing-0 >> Content-Length: 77
16:13:41.230 [main] DEBUG org.apache.http.headers - http-outgoing-0 >> Host: api.demoblaze.com
16:13:41.230 [main] DEBUG org.apache.http.headers - http-outgoing-0 >> Connection: Keep-Alive
16:13:41.230 [main] DEBUG org.apache.http.headers - http-outgoing-0 >> User-Agent: Apache-HttpClient/4.5.14 (Java/17.0.12)
16:13:41.230 [main] DEBUG org.apache.http.headers - http-outgoing-0 >> Accept-Encoding: gzip,deflate
16:13:41.230 [main] DEBUG org.apache.http.wire - http-outgoing-0 >> "POST /signup HTTP/1.1[\r][\n]"
16:13:41.230 [main] DEBUG org.apache.http.wire - http-outgoing-0 >> "Content-Type: application/json; charset=UTF-8[\r][\n]"
16:13:41.230 [main] DEBUG org.apache.http.wire - http-outgoing-0 >> "Accept: application/json[\r][\n]"
16:13:41.230 [main] DEBUG org.apache.http.wire - http-outgoing-0 >> "Content-Length: 77[\r][\n]"
16:13:41.230 [main] DEBUG org.apache.http.wire - http-outgoing-0 >> "Host: api.demoblaze.com[\r][\n]"
16:13:41.230 [main] DEBUG org.apache.http.wire - http-outgoing-0 >> "Connection: Keep-Alive[\r][\n]"
16:13:41.230 [main] DEBUG org.apache.http.wire - http-outgoing-0 >> "User-Agent: Apache-HttpClient/4.5.14 (Java/17.0.12)[\r][\n]"
16:13:41.230 [main] DEBUG org.apache.http.wire - http-outgoing-0 >> "Accept-Encoding: gzip,deflate[\r][\n]"
16:13:41.230 [main] DEBUG org.apache.http.wire - http-outgoing-0 >> "[\r][\n]"
16:13:41.230 [main] DEBUG org.apache.http.wire - http-outgoing-0 >> "{"username":"uaf7ee3b08d85","password":"bd17ab33e854-44e5-9195-d48d747c3eea"}"
16:13:41.426 [main] DEBUG org.apache.http.wire - http-outgoing-0 << "HTTP/1.1 200 OK[\r][\n]"
16:13:41.426 [main] DEBUG org.apache.http.wire - http-outgoing-0 << "content-type: application/json[\r][\n]"
16:13:41.426 [main] DEBUG org.apache.http.wire - http-outgoing-0 << "x-cloud-trace-context: e693106d11b534516eef7a89c05f3c80[\r][\n]"
16:13:41.426 [main] DEBUG org.apache.http.wire - http-outgoing-0 << "date: Wed, 08 Oct 2025 21:13:36 GMT[\r][\n]"
16:13:41.426 [main] DEBUG org.apache.http.wire - http-outgoing-0 << "server: Google Frontend[\r][\n]"
16:13:41.426 [main] DEBUG org.apache.http.wire - http-outgoing-0 << "Content-Length: 3[\r][\n]"
16:13:41.426 [main] DEBUG org.apache.http.wire - http-outgoing-0 << "[\r][\n]"
16:13:41.426 [main] DEBUG org.apache.http.wire - http-outgoing-0 << """[\n]"
16:13:41.435 [main] DEBUG org.apache.http.headers - http-outgoing-0 << HTTP/1.1 200 OK
16:13:41.435 [main] DEBUG org.apache.http.headers - http-outgoing-0 << content-type: application/json
16:13:41.435 [main] DEBUG org.apache.http.headers - http-outgoing-0 << x-cloud-trace-context: e693106d11b534516eef7a89c05f3c80
16:13:41.435 [main] DEBUG org.apache.http.headers - http-outgoing-0 << date: Wed, 08 Oct 2025 21:13:36 GMT
16:13:41.435 [main] DEBUG org.apache.http.headers - http-outgoing-0 << server: Google Frontend
16:13:41.435 [main] DEBUG org.apache.http.headers - http-outgoing-0 << Content-Length: 3
16:13:41.435 [main] DEBUG org.apache.http.impl.execchain.MainClientExec - Connection can be kept alive indefinitely
16:13:41.445 [main] DEBUG org.apache.http.impl.conn.PoolingHttpClientConnectionManager - Connection [id: 0][route: {s}->https://api.demoblaze.com:443] can be kept alive indefinitely
16:13:41.445 [main] DEBUG org.apache.http.impl.conn.DefaultManagedHttpClientConnection - http-outgoing-0: set socket timeout to 0
16:13:41.445 [main] DEBUG org.apache.http.impl.conn.PoolingHttpClientConnectionManager - Connection released: [id: 0][route: {s}->https://api.demoblaze.com:443][total available: 1; route allocated: 1 of 5; total allocated: 1 of 10]
16:13:41.445 [main] DEBUG org.apache.http.impl.conn.PoolingHttpClientConnectionManager - Connection manager is shutting down
16:13:41.445 [main] DEBUG org.apache.http.impl.conn.DefaultManagedHttpClientConnection - http-outgoing-0: Close connection
16:13:41.450 [main] DEBUG org.apache.http.impl.conn.PoolingHttpClientConnectionManager - Connection manager shut down
16:13:41.452 [main] DEBUG com.intuit.karate - response time in milliseconds: 772
1 < 200
1 < content-type: application/json
1 < x-cloud-trace-context: e693106d11b534516eef7a89c05f3c80
1 < date: Wed, 08 Oct 2025 21:13:36 GMT
1 < server: Google Frontend
1 < Content-Length: 3
""


16:13:41.467 [main] INFO com.intuit.karate - [print] ""
 
16:13:41.511 [main] INFO com.intuit.karate - usuario creado uaf7ee3b08d85 
16:13:41.511 [main] INFO com.intuit.karate - << lock released, cached callonce: read('classpath:helpers/create-user.feature')
16:13:41.531 [main] DEBUG com.jayway.jsonpath.internal.path.CompiledPath - Evaluating path: $['response']
16:13:41.533 [main] INFO com.intuit.karate - [print] {
  "createdUser": "uaf7ee3b08d85",
  "signupResponse": "\"\""
}
 
]]></system-out>
  </testcase>
  <testcase name="[2:15] Signup rechaza un usuario existente" classname="DemoblazeAuth" time="0.417">
    <system-out><![CDATA[16:13:41.565 [main] DEBUG com.jayway.jsonpath.internal.path.CompiledPath - Evaluating path: $
16:13:41.585 [main] DEBUG com.jayway.jsonpath.internal.path.CompiledPath - Evaluating path: $
16:13:41.587 [main] DEBUG org.apache.http.client.protocol.RequestAddCookies - CookieSpec selected: karate
16:13:41.589 [main] DEBUG org.apache.http.client.protocol.RequestAuthCache - Auth cache not set in the context
16:13:41.589 [main] DEBUG com.intuit.karate - request:
1 > POST https://api.demoblaze.com/signup
1 > Content-Type: application/json; charset=UTF-8
1 > Accept: application/json
1 > Content-Length: 77
1 > Host: api.demoblaze.com
1 > Connection: Keep-Alive
1 > User-Agent: Apache-HttpClient/4.5.14 (Java/17.0.12)
1 > Accept-Encoding: gzip,deflate
{"username":"uaf7ee3b08d85","password":"bd17ab33e854-44e5-9195-d48d747c3eea"}

16:13:41.589 [main] DEBUG org.apache.http.impl.conn.PoolingHttpClientConnectionManager - Connection request: [route: {s}->https://api.demoblaze.com:443][total available: 0; route allocated: 0 of 5; total allocated: 0 of 10]
16:13:41.589 [main] DEBUG org.apache.http.impl.conn.PoolingHttpClientConnectionManager - Connection leased: [id: 1][route: {s}->https://api.demoblaze.com:443][total available: 0; route allocated: 1 of 5; total allocated: 1 of 10]
16:13:41.589 [main] DEBUG org.apache.http.impl.execchain.MainClientExec - Opening connection {s}->https://api.demoblaze.com:443
16:13:41.589 [main] DEBUG org.apache.http.impl.conn.DefaultHttpClientConnectionOperator - Connecting to api.demoblaze.com/142.251.129.211:443
16:13:41.589 [main] DEBUG org.apache.http.conn.ssl.SSLConnectionSocketFactory - Connecting socket to api.demoblaze.com/142.251.129.211:443 with timeout 30000
16:13:41.602 [main] DEBUG org.apache.http.conn.ssl.SSLConnectionSocketFactory - Enabled protocols: [TLSv1.3, TLSv1.2]
16:13:41.602 [main] DEBUG org.apache.http.conn.ssl.SSLConnectionSocketFactory - Enabled cipher suites:[TLS_AES_256_GCM_SHA384, TLS_AES_128_GCM_SHA256, TLS_CHACHA20_POLY1305_SHA256, TLS_ECDHE_ECDSA_WITH_AES_256_GCM_SHA384, TLS_ECDHE_ECDSA_WITH_AES_128_GCM_SHA256, TLS_ECDHE_ECDSA_WITH_CHACHA20_POLY1305_SHA256, TLS_ECDHE_RSA_WITH_AES_256_GCM_SHA384, TLS_ECDHE_RSA_WITH_CHACHA20_POLY1305_SHA256, TLS_ECDHE_RSA_WITH_AES_128_GCM_SHA256, TLS_DHE_RSA_WITH_AES_256_GCM_SHA384, TLS_DHE_RSA_WITH_CHACHA20_POLY1305_SHA256, TLS_DHE_DSS_WITH_AES_256_GCM_SHA384, TLS_DHE_RSA_WITH_AES_128_GCM_SHA256, TLS_DHE_DSS_WITH_AES_128_GCM_SHA256, TLS_ECDHE_ECDSA_WITH_AES_256_CBC_SHA384, TLS_ECDHE_RSA_WITH_AES_256_CBC_SHA384, TLS_ECDHE_ECDSA_WITH_AES_128_CBC_SHA256, TLS_ECDHE_RSA_WITH_AES_128_CBC_SHA256, TLS_DHE_RSA_WITH_AES_256_CBC_SHA256, TLS_DHE_DSS_WITH_AES_256_CBC_SHA256, TLS_DHE_RSA_WITH_AES_128_CBC_SHA256, TLS_DHE_DSS_WITH_AES_128_CBC_SHA256, TLS_ECDH_ECDSA_WITH_AES_256_GCM_SHA384, TLS_ECDH_RSA_WITH_AES_256_GCM_SHA384, TLS_ECDH_ECDSA_WITH_AES_128_GCM_SHA256, TLS_ECDH_RSA_WITH_AES_128_GCM_SHA256, TLS_ECDH_ECDSA_WITH_AES_256_CBC_SHA384, TLS_ECDH_RSA_WITH_AES_256_CBC_SHA384, TLS_ECDH_ECDSA_WITH_AES_128_CBC_SHA256, TLS_ECDH_RSA_WITH_AES_128_CBC_SHA256, TLS_ECDHE_ECDSA_WITH_AES_256_CBC_SHA, TLS_ECDHE_RSA_WITH_AES_256_CBC_SHA, TLS_ECDHE_ECDSA_WITH_AES_128_CBC_SHA, TLS_ECDHE_RSA_WITH_AES_128_CBC_SHA, TLS_DHE_RSA_WITH_AES_256_CBC_SHA, TLS_DHE_DSS_WITH_AES_256_CBC_SHA, TLS_DHE_RSA_WITH_AES_128_CBC_SHA, TLS_DHE_DSS_WITH_AES_128_CBC_SHA, TLS_ECDH_ECDSA_WITH_AES_256_CBC_SHA, TLS_ECDH_RSA_WITH_AES_256_CBC_SHA, TLS_ECDH_ECDSA_WITH_AES_128_CBC_SHA, TLS_ECDH_RSA_WITH_AES_128_CBC_SHA, TLS_RSA_WITH_AES_256_GCM_SHA384, TLS_RSA_WITH_AES_128_GCM_SHA256, TLS_RSA_WITH_AES_256_CBC_SHA256, TLS_RSA_WITH_AES_128_CBC_SHA256, TLS_RSA_WITH_AES_256_CBC_SHA, TLS_RSA_WITH_AES_128_CBC_SHA, TLS_EMPTY_RENEGOTIATION_INFO_SCSV]
16:13:41.602 [main] DEBUG org.apache.http.conn.ssl.SSLConnectionSocketFactory - Starting handshake
16:13:41.755 [main] DEBUG org.apache.http.conn.ssl.SSLConnectionSocketFactory - Secure session established
16:13:41.755 [main] DEBUG org.apache.http.conn.ssl.SSLConnectionSocketFactory -  negotiated protocol: TLSv1.3
16:13:41.755 [main] DEBUG org.apache.http.conn.ssl.SSLConnectionSocketFactory -  negotiated cipher suite: TLS_AES_256_GCM_SHA384
16:13:41.755 [main] DEBUG org.apache.http.conn.ssl.SSLConnectionSocketFactory -  peer principal: CN=api.demoblaze.com
16:13:41.755 [main] DEBUG org.apache.http.conn.ssl.SSLConnectionSocketFactory -  peer alternative names: [api.demoblaze.com]
16:13:41.755 [main] DEBUG org.apache.http.conn.ssl.SSLConnectionSocketFactory -  issuer principal: CN=WR3, O=Google Trust Services, C=US
16:13:41.755 [main] DEBUG org.apache.http.impl.conn.DefaultHttpClientConnectionOperator - Connection established 10.10.10.151:55409<->142.251.129.211:443
16:13:41.755 [main] DEBUG org.apache.http.impl.conn.DefaultManagedHttpClientConnection - http-outgoing-1: set socket timeout to 30000
16:13:41.756 [main] DEBUG org.apache.http.impl.execchain.MainClientExec - Executing request POST /signup HTTP/1.1
16:13:41.756 [main] DEBUG org.apache.http.impl.execchain.MainClientExec - Target auth state: UNCHALLENGED
16:13:41.756 [main] DEBUG org.apache.http.impl.execchain.MainClientExec - Proxy auth state: UNCHALLENGED
16:13:41.756 [main] DEBUG org.apache.http.headers - http-outgoing-1 >> POST /signup HTTP/1.1
16:13:41.756 [main] DEBUG org.apache.http.headers - http-outgoing-1 >> Content-Type: application/json; charset=UTF-8
16:13:41.756 [main] DEBUG org.apache.http.headers - http-outgoing-1 >> Accept: application/json
16:13:41.756 [main] DEBUG org.apache.http.headers - http-outgoing-1 >> Content-Length: 77
16:13:41.756 [main] DEBUG org.apache.http.headers - http-outgoing-1 >> Host: api.demoblaze.com
16:13:41.756 [main] DEBUG org.apache.http.headers - http-outgoing-1 >> Connection: Keep-Alive
16:13:41.756 [main] DEBUG org.apache.http.headers - http-outgoing-1 >> User-Agent: Apache-HttpClient/4.5.14 (Java/17.0.12)
16:13:41.756 [main] DEBUG org.apache.http.headers - http-outgoing-1 >> Accept-Encoding: gzip,deflate
16:13:41.756 [main] DEBUG org.apache.http.wire - http-outgoing-1 >> "POST /signup HTTP/1.1[\r][\n]"
16:13:41.756 [main] DEBUG org.apache.http.wire - http-outgoing-1 >> "Content-Type: application/json; charset=UTF-8[\r][\n]"
16:13:41.756 [main] DEBUG org.apache.http.wire - http-outgoing-1 >> "Accept: application/json[\r][\n]"
16:13:41.756 [main] DEBUG org.apache.http.wire - http-outgoing-1 >> "Content-Length: 77[\r][\n]"
16:13:41.758 [main] DEBUG org.apache.http.wire - http-outgoing-1 >> "Host: api.demoblaze.com[\r][\n]"
16:13:41.758 [main] DEBUG org.apache.http.wire - http-outgoing-1 >> "Connection: Keep-Alive[\r][\n]"
16:13:41.758 [main] DEBUG org.apache.http.wire - http-outgoing-1 >> "User-Agent: Apache-HttpClient/4.5.14 (Java/17.0.12)[\r][\n]"
16:13:41.758 [main] DEBUG org.apache.http.wire - http-outgoing-1 >> "Accept-Encoding: gzip,deflate[\r][\n]"
16:13:41.758 [main] DEBUG org.apache.http.wire - http-outgoing-1 >> "[\r][\n]"
16:13:41.758 [main] DEBUG org.apache.http.wire - http-outgoing-1 >> "{"username":"uaf7ee3b08d85","password":"bd17ab33e854-44e5-9195-d48d747c3eea"}"
16:13:41.943 [main] DEBUG org.apache.http.wire - http-outgoing-1 << "HTTP/1.1 200 OK[\r][\n]"
16:13:41.943 [main] DEBUG org.apache.http.wire - http-outgoing-1 << "content-type: application/json[\r][\n]"
16:13:41.943 [main] DEBUG org.apache.http.wire - http-outgoing-1 << "vary: Accept-Encoding[\r][\n]"
16:13:41.943 [main] DEBUG org.apache.http.wire - http-outgoing-1 << "content-encoding: gzip[\r][\n]"
16:13:41.943 [main] DEBUG org.apache.http.wire - http-outgoing-1 << "x-cloud-trace-context: 7cb33d4cf1d2ee560133febda15791a0[\r][\n]"
16:13:41.943 [main] DEBUG org.apache.http.wire - http-outgoing-1 << "date: Wed, 08 Oct 2025 21:13:36 GMT[\r][\n]"
16:13:41.943 [main] DEBUG org.apache.http.wire - http-outgoing-1 << "server: Google Frontend[\r][\n]"
16:13:41.943 [main] DEBUG org.apache.http.wire - http-outgoing-1 << "Transfer-Encoding: chunked[\r][\n]"
16:13:41.943 [main] DEBUG org.apache.http.wire - http-outgoing-1 << "[\r][\n]"
16:13:41.943 [main] DEBUG org.apache.http.wire - http-outgoing-1 << "00000001[\r][\n]"
16:13:41.943 [main] DEBUG org.apache.http.wire - http-outgoing-1 << "[0x1f][\r][\n]"
16:13:41.945 [main] DEBUG org.apache.http.wire - http-outgoing-1 << "00000001[\r][\n]"
16:13:41.945 [main] DEBUG org.apache.http.wire - http-outgoing-1 << "[0x8b][\r][\n]"
16:13:41.945 [main] DEBUG org.apache.http.wire - http-outgoing-1 << "00000001[\r][\n]"
16:13:41.945 [main] DEBUG org.apache.http.wire - http-outgoing-1 << "[0x8][\r][\n]"
16:13:41.945 [main] DEBUG org.apache.http.wire - http-outgoing-1 << "00000001[\r][\n]"
16:13:41.945 [main] DEBUG org.apache.http.wire - http-outgoing-1 << "[0x0][\r][\n]"
16:13:41.945 [main] DEBUG org.apache.http.wire - http-outgoing-1 << "00000001[\r][\n]"
16:13:41.945 [main] DEBUG org.apache.http.wire - http-outgoing-1 << "[0x0][\r][\n]"
16:13:41.945 [main] DEBUG org.apache.http.wire - http-outgoing-1 << "00000001[\r][\n]"
16:13:41.945 [main] DEBUG org.apache.http.wire - http-outgoing-1 << "[0x0][\r][\n]"
16:13:41.945 [main] DEBUG org.apache.http.wire - http-outgoing-1 << "00000001[\r][\n]"
16:13:41.945 [main] DEBUG org.apache.http.wire - http-outgoing-1 << "[0x0][\r][\n]"
16:13:41.945 [main] DEBUG org.apache.http.wire - http-outgoing-1 << "00000001[\r][\n]"
16:13:41.945 [main] DEBUG org.apache.http.wire - http-outgoing-1 << "[0x0][\r][\n]"
16:13:41.945 [main] DEBUG org.apache.http.wire - http-outgoing-1 << "00000001[\r][\n]"
16:13:41.945 [main] DEBUG org.apache.http.wire - http-outgoing-1 << "[0x4][\r][\n]"
16:13:41.945 [main] DEBUG org.apache.http.wire - http-outgoing-1 << "00000001[\r][\n]"
16:13:41.945 [main] DEBUG org.apache.http.wire - http-outgoing-1 << "[0x3][\r][\n]"
16:13:41.945 [main] DEBUG org.apache.http.wire - http-outgoing-1 << "00000001[\r][\n]"
16:13:41.945 [main] DEBUG org.apache.http.wire - http-outgoing-1 << "[0xaa][\r][\n]"
16:13:41.945 [main] DEBUG org.apache.http.wire - http-outgoing-1 << "00000001[\r][\n]"
16:13:41.945 [main] DEBUG org.apache.http.wire - http-outgoing-1 << "V[\r][\n]"
16:13:41.945 [main] DEBUG org.apache.http.wire - http-outgoing-1 << "00000001[\r][\n]"
16:13:41.945 [main] DEBUG org.apache.http.wire - http-outgoing-1 << "J[\r][\n]"
16:13:41.945 [main] DEBUG org.apache.http.wire - http-outgoing-1 << "0000001[\r][\n]"
16:13:41.945 [main] DEBUG org.apache.http.wire - http-outgoing-1 << "-[\r][\n]"
16:13:41.945 [main] DEBUG org.apache.http.wire - http-outgoing-1 << "38[\r][\n]"
16:13:41.945 [main] DEBUG org.apache.http.wire - http-outgoing-1 << "*[0xca]/[0xf2]M-.NLOU[0xb2]R[\n]"
16:13:41.945 [main] DEBUG org.apache.http.wire - http-outgoing-1 << "[0xc9][0xc8],V(-N-RH[0xcc])JML[0xa9]TH[0xad][0xc8],.[0xd1]S[0xaa][0xe5][0x2][0x0][0x0][0x0][0xff][0xff][0x3][0x0]E[0xcb]3[0x94],[0x0][0x0][0x0][\r][\n]"
16:13:41.945 [main] DEBUG org.apache.http.headers - http-outgoing-1 << HTTP/1.1 200 OK
16:13:41.945 [main] DEBUG org.apache.http.headers - http-outgoing-1 << content-type: application/json
16:13:41.945 [main] DEBUG org.apache.http.headers - http-outgoing-1 << vary: Accept-Encoding
16:13:41.945 [main] DEBUG org.apache.http.headers - http-outgoing-1 << content-encoding: gzip
16:13:41.945 [main] DEBUG org.apache.http.headers - http-outgoing-1 << x-cloud-trace-context: 7cb33d4cf1d2ee560133febda15791a0
16:13:41.945 [main] DEBUG org.apache.http.headers - http-outgoing-1 << date: Wed, 08 Oct 2025 21:13:36 GMT
16:13:41.945 [main] DEBUG org.apache.http.headers - http-outgoing-1 << server: Google Frontend
16:13:41.945 [main] DEBUG org.apache.http.headers - http-outgoing-1 << Transfer-Encoding: chunked
16:13:41.948 [main] DEBUG org.apache.http.impl.execchain.MainClientExec - Connection can be kept alive indefinitely
16:13:41.948 [main] DEBUG org.apache.http.impl.conn.DefaultManagedHttpClientConnection - http-outgoing-1: Close connection
16:13:41.948 [main] DEBUG org.apache.http.impl.execchain.MainClientExec - Connection discarded
16:13:41.948 [main] DEBUG org.apache.http.impl.conn.PoolingHttpClientConnectionManager - Connection released: [id: 1][route: {s}->https://api.demoblaze.com:443][total available: 0; route allocated: 0 of 5; total allocated: 0 of 10]
16:13:41.948 [main] DEBUG org.apache.http.impl.conn.PoolingHttpClientConnectionManager - Connection manager is shutting down
16:13:41.948 [main] DEBUG org.apache.http.impl.conn.PoolingHttpClientConnectionManager - Connection manager shut down
16:13:41.948 [main] DEBUG com.intuit.karate - response time in milliseconds: 359
1 < 200
1 < content-type: application/json
1 < vary: Accept-Encoding
1 < x-cloud-trace-context: 7cb33d4cf1d2ee560133febda15791a0
1 < date: Wed, 08 Oct 2025 21:13:36 GMT
1 < server: Google Frontend
1 < Transfer-Encoding: chunked
{"errorMessage":"This user already exist."}


16:13:41.969 [main] INFO com.intuit.karate - [print] {
  "duplicateError": "This user already exist."
}
 
]]></system-out>
  </testcase>
  <testcase name="[3:24] Login exitoso con usuario valido" classname="DemoblazeAuth" time="0.455">
    <system-out><![CDATA[16:13:41.981 [main] DEBUG com.jayway.jsonpath.internal.path.CompiledPath - Evaluating path: $
16:13:41.999 [main] DEBUG com.jayway.jsonpath.internal.path.CompiledPath - Evaluating path: $
16:13:41.999 [main] DEBUG org.apache.http.client.protocol.RequestAddCookies - CookieSpec selected: karate
16:13:42.002 [main] DEBUG org.apache.http.client.protocol.RequestAuthCache - Auth cache not set in the context
16:13:42.002 [main] DEBUG com.intuit.karate - request:
1 > POST https://api.demoblaze.com/login
1 > Content-Type: application/json; charset=UTF-8
1 > Accept: application/json
1 > Content-Length: 77
1 > Host: api.demoblaze.com
1 > Connection: Keep-Alive
1 > User-Agent: Apache-HttpClient/4.5.14 (Java/17.0.12)
1 > Accept-Encoding: gzip,deflate
{"username":"uaf7ee3b08d85","password":"bd17ab33e854-44e5-9195-d48d747c3eea"}

16:13:42.002 [main] DEBUG org.apache.http.impl.conn.PoolingHttpClientConnectionManager - Connection request: [route: {s}->https://api.demoblaze.com:443][total available: 0; route allocated: 0 of 5; total allocated: 0 of 10]
16:13:42.002 [main] DEBUG org.apache.http.impl.conn.PoolingHttpClientConnectionManager - Connection leased: [id: 2][route: {s}->https://api.demoblaze.com:443][total available: 0; route allocated: 1 of 5; total allocated: 1 of 10]
16:13:42.002 [main] DEBUG org.apache.http.impl.execchain.MainClientExec - Opening connection {s}->https://api.demoblaze.com:443
16:13:42.002 [main] DEBUG org.apache.http.impl.conn.DefaultHttpClientConnectionOperator - Connecting to api.demoblaze.com/142.251.129.211:443
16:13:42.002 [main] DEBUG org.apache.http.conn.ssl.SSLConnectionSocketFactory - Connecting socket to api.demoblaze.com/142.251.129.211:443 with timeout 30000
16:13:42.009 [main] DEBUG org.apache.http.conn.ssl.SSLConnectionSocketFactory - Enabled protocols: [TLSv1.3, TLSv1.2]
16:13:42.009 [main] DEBUG org.apache.http.conn.ssl.SSLConnectionSocketFactory - Enabled cipher suites:[TLS_AES_256_GCM_SHA384, TLS_AES_128_GCM_SHA256, TLS_CHACHA20_POLY1305_SHA256, TLS_ECDHE_ECDSA_WITH_AES_256_GCM_SHA384, TLS_ECDHE_ECDSA_WITH_AES_128_GCM_SHA256, TLS_ECDHE_ECDSA_WITH_CHACHA20_POLY1305_SHA256, TLS_ECDHE_RSA_WITH_AES_256_GCM_SHA384, TLS_ECDHE_RSA_WITH_CHACHA20_POLY1305_SHA256, TLS_ECDHE_RSA_WITH_AES_128_GCM_SHA256, TLS_DHE_RSA_WITH_AES_256_GCM_SHA384, TLS_DHE_RSA_WITH_CHACHA20_POLY1305_SHA256, TLS_DHE_DSS_WITH_AES_256_GCM_SHA384, TLS_DHE_RSA_WITH_AES_128_GCM_SHA256, TLS_DHE_DSS_WITH_AES_128_GCM_SHA256, TLS_ECDHE_ECDSA_WITH_AES_256_CBC_SHA384, TLS_ECDHE_RSA_WITH_AES_256_CBC_SHA384, TLS_ECDHE_ECDSA_WITH_AES_128_CBC_SHA256, TLS_ECDHE_RSA_WITH_AES_128_CBC_SHA256, TLS_DHE_RSA_WITH_AES_256_CBC_SHA256, TLS_DHE_DSS_WITH_AES_256_CBC_SHA256, TLS_DHE_RSA_WITH_AES_128_CBC_SHA256, TLS_DHE_DSS_WITH_AES_128_CBC_SHA256, TLS_ECDH_ECDSA_WITH_AES_256_GCM_SHA384, TLS_ECDH_RSA_WITH_AES_256_GCM_SHA384, TLS_ECDH_ECDSA_WITH_AES_128_GCM_SHA256, TLS_ECDH_RSA_WITH_AES_128_GCM_SHA256, TLS_ECDH_ECDSA_WITH_AES_256_CBC_SHA384, TLS_ECDH_RSA_WITH_AES_256_CBC_SHA384, TLS_ECDH_ECDSA_WITH_AES_128_CBC_SHA256, TLS_ECDH_RSA_WITH_AES_128_CBC_SHA256, TLS_ECDHE_ECDSA_WITH_AES_256_CBC_SHA, TLS_ECDHE_RSA_WITH_AES_256_CBC_SHA, TLS_ECDHE_ECDSA_WITH_AES_128_CBC_SHA, TLS_ECDHE_RSA_WITH_AES_128_CBC_SHA, TLS_DHE_RSA_WITH_AES_256_CBC_SHA, TLS_DHE_DSS_WITH_AES_256_CBC_SHA, TLS_DHE_RSA_WITH_AES_128_CBC_SHA, TLS_DHE_DSS_WITH_AES_128_CBC_SHA, TLS_ECDH_ECDSA_WITH_AES_256_CBC_SHA, TLS_ECDH_RSA_WITH_AES_256_CBC_SHA, TLS_ECDH_ECDSA_WITH_AES_128_CBC_SHA, TLS_ECDH_RSA_WITH_AES_128_CBC_SHA, TLS_RSA_WITH_AES_256_GCM_SHA384, TLS_RSA_WITH_AES_128_GCM_SHA256, TLS_RSA_WITH_AES_256_CBC_SHA256, TLS_RSA_WITH_AES_128_CBC_SHA256, TLS_RSA_WITH_AES_256_CBC_SHA, TLS_RSA_WITH_AES_128_CBC_SHA, TLS_EMPTY_RENEGOTIATION_INFO_SCSV]
16:13:42.009 [main] DEBUG org.apache.http.conn.ssl.SSLConnectionSocketFactory - Starting handshake
16:13:42.117 [main] DEBUG org.apache.http.conn.ssl.SSLConnectionSocketFactory - Secure session established
16:13:42.117 [main] DEBUG org.apache.http.conn.ssl.SSLConnectionSocketFactory -  negotiated protocol: TLSv1.3
16:13:42.117 [main] DEBUG org.apache.http.conn.ssl.SSLConnectionSocketFactory -  negotiated cipher suite: TLS_AES_256_GCM_SHA384
16:13:42.117 [main] DEBUG org.apache.http.conn.ssl.SSLConnectionSocketFactory -  peer principal: CN=api.demoblaze.com
16:13:42.117 [main] DEBUG org.apache.http.conn.ssl.SSLConnectionSocketFactory -  peer alternative names: [api.demoblaze.com]
16:13:42.117 [main] DEBUG org.apache.http.conn.ssl.SSLConnectionSocketFactory -  issuer principal: CN=WR3, O=Google Trust Services, C=US
16:13:42.119 [main] DEBUG org.apache.http.impl.conn.DefaultHttpClientConnectionOperator - Connection established 10.10.10.151:55410<->142.251.129.211:443
16:13:42.119 [main] DEBUG org.apache.http.impl.conn.DefaultManagedHttpClientConnection - http-outgoing-2: set socket timeout to 30000
16:13:42.119 [main] DEBUG org.apache.http.impl.execchain.MainClientExec - Executing request POST /login HTTP/1.1
16:13:42.119 [main] DEBUG org.apache.http.impl.execchain.MainClientExec - Target auth state: UNCHALLENGED
16:13:42.119 [main] DEBUG org.apache.http.impl.execchain.MainClientExec - Proxy auth state: UNCHALLENGED
16:13:42.119 [main] DEBUG org.apache.http.headers - http-outgoing-2 >> POST /login HTTP/1.1
16:13:42.119 [main] DEBUG org.apache.http.headers - http-outgoing-2 >> Content-Type: application/json; charset=UTF-8
16:13:42.119 [main] DEBUG org.apache.http.headers - http-outgoing-2 >> Accept: application/json
16:13:42.119 [main] DEBUG org.apache.http.headers - http-outgoing-2 >> Content-Length: 77
16:13:42.119 [main] DEBUG org.apache.http.headers - http-outgoing-2 >> Host: api.demoblaze.com
16:13:42.119 [main] DEBUG org.apache.http.headers - http-outgoing-2 >> Connection: Keep-Alive
16:13:42.119 [main] DEBUG org.apache.http.headers - http-outgoing-2 >> User-Agent: Apache-HttpClient/4.5.14 (Java/17.0.12)
16:13:42.119 [main] DEBUG org.apache.http.headers - http-outgoing-2 >> Accept-Encoding: gzip,deflate
16:13:42.119 [main] DEBUG org.apache.http.wire - http-outgoing-2 >> "POST /login HTTP/1.1[\r][\n]"
16:13:42.119 [main] DEBUG org.apache.http.wire - http-outgoing-2 >> "Content-Type: application/json; charset=UTF-8[\r][\n]"
16:13:42.119 [main] DEBUG org.apache.http.wire - http-outgoing-2 >> "Accept: application/json[\r][\n]"
16:13:42.119 [main] DEBUG org.apache.http.wire - http-outgoing-2 >> "Content-Length: 77[\r][\n]"
16:13:42.119 [main] DEBUG org.apache.http.wire - http-outgoing-2 >> "Host: api.demoblaze.com[\r][\n]"
16:13:42.119 [main] DEBUG org.apache.http.wire - http-outgoing-2 >> "Connection: Keep-Alive[\r][\n]"
16:13:42.119 [main] DEBUG org.apache.http.wire - http-outgoing-2 >> "User-Agent: Apache-HttpClient/4.5.14 (Java/17.0.12)[\r][\n]"
16:13:42.119 [main] DEBUG org.apache.http.wire - http-outgoing-2 >> "Accept-Encoding: gzip,deflate[\r][\n]"
16:13:42.119 [main] DEBUG org.apache.http.wire - http-outgoing-2 >> "[\r][\n]"
16:13:42.119 [main] DEBUG org.apache.http.wire - http-outgoing-2 >> "{"username":"uaf7ee3b08d85","password":"bd17ab33e854-44e5-9195-d48d747c3eea"}"
16:13:42.348 [main] DEBUG org.apache.http.wire - http-outgoing-2 << "HTTP/1.1 200 OK[\r][\n]"
16:13:42.348 [main] DEBUG org.apache.http.wire - http-outgoing-2 << "content-type: application/json[\r][\n]"
16:13:42.348 [main] DEBUG org.apache.http.wire - http-outgoing-2 << "vary: Accept-Encoding[\r][\n]"
16:13:42.348 [main] DEBUG org.apache.http.wire - http-outgoing-2 << "content-encoding: gzip[\r][\n]"
16:13:42.348 [main] DEBUG org.apache.http.wire - http-outgoing-2 << "x-cloud-trace-context: 0ecc1bb6396a8b9c3bdd955886d6c8cb[\r][\n]"
16:13:42.348 [main] DEBUG org.apache.http.wire - http-outgoing-2 << "date: Wed, 08 Oct 2025 21:13:37 GMT[\r][\n]"
16:13:42.355 [main] DEBUG org.apache.http.wire - http-outgoing-2 << "server: Google Frontend[\r][\n]"
16:13:42.355 [main] DEBUG org.apache.http.wire - http-outgoing-2 << "Transfer-Encoding: chunked[\r][\n]"
16:13:42.355 [main] DEBUG org.apache.http.wire - http-outgoing-2 << "[\r][\n]"
16:13:42.355 [main] DEBUG org.apache.http.wire - http-outgoing-2 << "00000001[\r][\n]"
16:13:42.355 [main] DEBUG org.apache.http.wire - http-outgoing-2 << "[0x1f][\r][\n]"
16:13:42.355 [main] DEBUG org.apache.http.wire - http-outgoing-2 << "00000001[\r][\n]"
16:13:42.355 [main] DEBUG org.apache.http.wire - http-outgoing-2 << "[0x8b][\r][\n]"
16:13:42.355 [main] DEBUG org.apache.http.wire - http-outgoing-2 << "00000001[\r][\n]"
16:13:42.355 [main] DEBUG org.apache.http.wire - http-outgoing-2 << "[0x8][\r][\n]"
16:13:42.355 [main] DEBUG org.apache.http.wire - http-outgoing-2 << "00000001[\r][\n]"
16:13:42.355 [main] DEBUG org.apache.http.wire - http-outgoing-2 << "[0x0][\r][\n]"
16:13:42.355 [main] DEBUG org.apache.http.wire - http-outgoing-2 << "00000001[\r][\n]"
16:13:42.355 [main] DEBUG org.apache.http.wire - http-outgoing-2 << "[0x0][\r][\n]"
16:13:42.355 [main] DEBUG org.apache.http.wire - http-outgoing-2 << "00000001[\r][\n]"
16:13:42.355 [main] DEBUG org.apache.http.wire - http-outgoing-2 << "[0x0][\r][\n]"
16:13:42.355 [main] DEBUG org.apache.http.wire - http-outgoing-2 << "00000001[\r][\n]"
16:13:42.355 [main] DEBUG org.apache.http.wire - http-outgoing-2 << "[0x0][\r][\n]"
16:13:42.356 [main] DEBUG org.apache.http.wire - http-outgoing-2 << "00000001[\r][\n]"
16:13:42.356 [main] DEBUG org.apache.http.wire - http-outgoing-2 << "[0x0][\r][\n]"
16:13:42.356 [main] DEBUG org.apache.http.wire - http-outgoing-2 << "00000001[\r][\n]"
16:13:42.356 [main] DEBUG org.apache.http.wire - http-outgoing-2 << "[0x4][\r][\n]"
16:13:42.356 [main] DEBUG org.apache.http.wire - http-outgoing-2 << "00000001[\r][\n]"
16:13:42.356 [main] DEBUG org.apache.http.wire - http-outgoing-2 << "[0x3][\r][\n]"
16:13:42.356 [main] DEBUG org.apache.http.wire - http-outgoing-2 << "00000001[\r][\n]"
16:13:42.356 [main] DEBUG org.apache.http.wire - http-outgoing-2 << "R[\r][\n]"
16:13:42.356 [main] DEBUG org.apache.http.wire - http-outgoing-2 << "00000001[\r][\n]"
16:13:42.356 [main] DEBUG org.apache.http.wire - http-outgoing-2 << "r[\r][\n]"
16:13:42.356 [main] DEBUG org.apache.http.wire - http-outgoing-2 << "00000001[\r][\n]"
16:13:42.356 [main] DEBUG org.apache.http.wire - http-outgoing-2 << ",[\r][\n]"
16:13:42.356 [main] DEBUG org.apache.http.wire - http-outgoing-2 << "00000001[\r][\n]"
16:13:42.357 [main] DEBUG org.apache.http.wire - http-outgoing-2 << "-[\r][\n]"
16:13:42.357 [main] DEBUG org.apache.http.wire - http-outgoing-2 << "00000001[\r][\n]"
16:13:42.357 [main] DEBUG org.apache.http.wire - http-outgoing-2 << "[0xc9][\r][\n]"
16:13:42.357 [main] DEBUG org.apache.http.wire - http-outgoing-2 << "00000001[\r][\n]"
16:13:42.357 [main] DEBUG org.apache.http.wire - http-outgoing-2 << "[0x88][\r][\n]"
16:13:42.357 [main] DEBUG org.apache.http.wire - http-outgoing-2 << "00000001[\r][\n]"
16:13:42.357 [main] DEBUG org.apache.http.wire - http-outgoing-2 << "/[\r][\n]"
16:13:42.357 [main] DEBUG org.apache.http.wire - http-outgoing-2 << "00000001[\r][\n]"
16:13:42.357 [main] DEBUG org.apache.http.wire - http-outgoing-2 << "[0xc9][\r][\n]"
16:13:42.357 [main] DEBUG org.apache.http.wire - http-outgoing-2 << "00000001[\r][\n]"
16:13:42.357 [main] DEBUG org.apache.http.wire - http-outgoing-2 << "[0xcf][\r][\n]"
16:13:42.357 [main] DEBUG org.apache.http.wire - http-outgoing-2 << "00000001[\r][\n]"
16:13:42.357 [main] DEBUG org.apache.http.wire - http-outgoing-2 << "N[\r][\n]"
16:13:42.358 [main] DEBUG org.apache.http.wire - http-outgoing-2 << "0001[\r][\n]"
16:13:42.358 [main] DEBUG org.apache.http.wire - http-outgoing-2 << "[0xcd][\r][\n]"
16:13:42.358 [main] DEBUG org.apache.http.wire - http-outgoing-2 << "30[\r][\n]"
16:13:42.358 [main] DEBUG org.apache.http.wire - http-outgoing-2 << "[0xb3]RH[0x9]w[0xcb][0xf5]3[\n]"
16:13:42.358 [main] DEBUG org.apache.http.wire - http-outgoing-2 << "[0xcb][0xf1]5[0xf2],[0xf7]w[0xf]4[0xf1][0xb]q5[0xf6][0xcb]r4[0xf4][0xb]I[0xb7]U[0xe2][0x2][0x0][0x0][0x0][0xff][0xff][0x3][0x0][0xf1][0xf2][0xde]'+[0x0][0x0][0x0][\r][\n]"
16:13:42.358 [main] DEBUG org.apache.http.headers - http-outgoing-2 << HTTP/1.1 200 OK
16:13:42.358 [main] DEBUG org.apache.http.headers - http-outgoing-2 << content-type: application/json
16:13:42.358 [main] DEBUG org.apache.http.headers - http-outgoing-2 << vary: Accept-Encoding
16:13:42.358 [main] DEBUG org.apache.http.headers - http-outgoing-2 << content-encoding: gzip
16:13:42.358 [main] DEBUG org.apache.http.headers - http-outgoing-2 << x-cloud-trace-context: 0ecc1bb6396a8b9c3bdd955886d6c8cb
16:13:42.358 [main] DEBUG org.apache.http.headers - http-outgoing-2 << date: Wed, 08 Oct 2025 21:13:37 GMT
16:13:42.358 [main] DEBUG org.apache.http.headers - http-outgoing-2 << server: Google Frontend
16:13:42.358 [main] DEBUG org.apache.http.headers - http-outgoing-2 << Transfer-Encoding: chunked
16:13:42.358 [main] DEBUG org.apache.http.impl.execchain.MainClientExec - Connection can be kept alive indefinitely
16:13:42.360 [main] DEBUG org.apache.http.impl.conn.DefaultManagedHttpClientConnection - http-outgoing-2: Close connection
16:13:42.362 [main] DEBUG org.apache.http.impl.execchain.MainClientExec - Connection discarded
16:13:42.363 [main] DEBUG org.apache.http.impl.conn.PoolingHttpClientConnectionManager - Connection released: [id: 2][route: {s}->https://api.demoblaze.com:443][total available: 0; route allocated: 0 of 5; total allocated: 0 of 10]
16:13:42.363 [main] DEBUG org.apache.http.impl.conn.PoolingHttpClientConnectionManager - Connection manager is shutting down
16:13:42.363 [main] DEBUG org.apache.http.impl.conn.PoolingHttpClientConnectionManager - Connection manager shut down
16:13:42.363 [main] DEBUG com.intuit.karate - response time in milliseconds: 358
1 < 200
1 < content-type: application/json
1 < vary: Accept-Encoding
1 < x-cloud-trace-context: 0ecc1bb6396a8b9c3bdd955886d6c8cb
1 < date: Wed, 08 Oct 2025 21:13:37 GMT
1 < server: Google Frontend
1 < Transfer-Encoding: chunked
"Auth_token: dWFmN2VlM2IwOGQ4NTE3NjA1NTg="


16:13:42.425 [main] INFO com.intuit.karate - [print] {
  "loginOk": "Auth_token: dWFmN2VlM2IwOGQ4NTE3NjA1NTg="
}
 
]]></system-out>
  </testcase>
  <testcase name="[4:36] Login falla con password incorrecto" classname="DemoblazeAuth" time="2.883">
    <system-out><![CDATA[16:13:42.452 [main] DEBUG com.jayway.jsonpath.internal.path.CompiledPath - Evaluating path: $
16:13:42.470 [main] DEBUG com.jayway.jsonpath.internal.path.CompiledPath - Evaluating path: $
16:13:42.475 [main] DEBUG org.apache.http.client.protocol.RequestAddCookies - CookieSpec selected: karate
16:13:42.479 [main] DEBUG org.apache.http.client.protocol.RequestAuthCache - Auth cache not set in the context
16:13:42.479 [main] DEBUG com.intuit.karate - request:
1 > POST https://api.demoblaze.com/login
1 > Content-Type: application/json; charset=UTF-8
1 > Accept: application/json
1 > Content-Length: 78
1 > Host: api.demoblaze.com
1 > Connection: Keep-Alive
1 > User-Agent: Apache-HttpClient/4.5.14 (Java/17.0.12)
1 > Accept-Encoding: gzip,deflate
{"username":"uaf7ee3b08d85","password":"bd17ab33e854-44e5-9195-d48d747c3eeaX"}

16:13:42.479 [main] DEBUG org.apache.http.impl.conn.PoolingHttpClientConnectionManager - Connection request: [route: {s}->https://api.demoblaze.com:443][total available: 0; route allocated: 0 of 5; total allocated: 0 of 10]
16:13:42.479 [main] DEBUG org.apache.http.impl.conn.PoolingHttpClientConnectionManager - Connection leased: [id: 3][route: {s}->https://api.demoblaze.com:443][total available: 0; route allocated: 1 of 5; total allocated: 1 of 10]
16:13:42.479 [main] DEBUG org.apache.http.impl.execchain.MainClientExec - Opening connection {s}->https://api.demoblaze.com:443
16:13:42.481 [main] DEBUG org.apache.http.impl.conn.DefaultHttpClientConnectionOperator - Connecting to api.demoblaze.com/142.251.129.211:443
16:13:42.481 [main] DEBUG org.apache.http.conn.ssl.SSLConnectionSocketFactory - Connecting socket to api.demoblaze.com/142.251.129.211:443 with timeout 30000
16:13:42.497 [main] DEBUG org.apache.http.conn.ssl.SSLConnectionSocketFactory - Enabled protocols: [TLSv1.3, TLSv1.2]
16:13:42.497 [main] DEBUG org.apache.http.conn.ssl.SSLConnectionSocketFactory - Enabled cipher suites:[TLS_AES_256_GCM_SHA384, TLS_AES_128_GCM_SHA256, TLS_CHACHA20_POLY1305_SHA256, TLS_ECDHE_ECDSA_WITH_AES_256_GCM_SHA384, TLS_ECDHE_ECDSA_WITH_AES_128_GCM_SHA256, TLS_ECDHE_ECDSA_WITH_CHACHA20_POLY1305_SHA256, TLS_ECDHE_RSA_WITH_AES_256_GCM_SHA384, TLS_ECDHE_RSA_WITH_CHACHA20_POLY1305_SHA256, TLS_ECDHE_RSA_WITH_AES_128_GCM_SHA256, TLS_DHE_RSA_WITH_AES_256_GCM_SHA384, TLS_DHE_RSA_WITH_CHACHA20_POLY1305_SHA256, TLS_DHE_DSS_WITH_AES_256_GCM_SHA384, TLS_DHE_RSA_WITH_AES_128_GCM_SHA256, TLS_DHE_DSS_WITH_AES_128_GCM_SHA256, TLS_ECDHE_ECDSA_WITH_AES_256_CBC_SHA384, TLS_ECDHE_RSA_WITH_AES_256_CBC_SHA384, TLS_ECDHE_ECDSA_WITH_AES_128_CBC_SHA256, TLS_ECDHE_RSA_WITH_AES_128_CBC_SHA256, TLS_DHE_RSA_WITH_AES_256_CBC_SHA256, TLS_DHE_DSS_WITH_AES_256_CBC_SHA256, TLS_DHE_RSA_WITH_AES_128_CBC_SHA256, TLS_DHE_DSS_WITH_AES_128_CBC_SHA256, TLS_ECDH_ECDSA_WITH_AES_256_GCM_SHA384, TLS_ECDH_RSA_WITH_AES_256_GCM_SHA384, TLS_ECDH_ECDSA_WITH_AES_128_GCM_SHA256, TLS_ECDH_RSA_WITH_AES_128_GCM_SHA256, TLS_ECDH_ECDSA_WITH_AES_256_CBC_SHA384, TLS_ECDH_RSA_WITH_AES_256_CBC_SHA384, TLS_ECDH_ECDSA_WITH_AES_128_CBC_SHA256, TLS_ECDH_RSA_WITH_AES_128_CBC_SHA256, TLS_ECDHE_ECDSA_WITH_AES_256_CBC_SHA, TLS_ECDHE_RSA_WITH_AES_256_CBC_SHA, TLS_ECDHE_ECDSA_WITH_AES_128_CBC_SHA, TLS_ECDHE_RSA_WITH_AES_128_CBC_SHA, TLS_DHE_RSA_WITH_AES_256_CBC_SHA, TLS_DHE_DSS_WITH_AES_256_CBC_SHA, TLS_DHE_RSA_WITH_AES_128_CBC_SHA, TLS_DHE_DSS_WITH_AES_128_CBC_SHA, TLS_ECDH_ECDSA_WITH_AES_256_CBC_SHA, TLS_ECDH_RSA_WITH_AES_256_CBC_SHA, TLS_ECDH_ECDSA_WITH_AES_128_CBC_SHA, TLS_ECDH_RSA_WITH_AES_128_CBC_SHA, TLS_RSA_WITH_AES_256_GCM_SHA384, TLS_RSA_WITH_AES_128_GCM_SHA256, TLS_RSA_WITH_AES_256_CBC_SHA256, TLS_RSA_WITH_AES_128_CBC_SHA256, TLS_RSA_WITH_AES_256_CBC_SHA, TLS_RSA_WITH_AES_128_CBC_SHA, TLS_EMPTY_RENEGOTIATION_INFO_SCSV]
16:13:42.497 [main] DEBUG org.apache.http.conn.ssl.SSLConnectionSocketFactory - Starting handshake
16:13:42.604 [main] DEBUG org.apache.http.conn.ssl.SSLConnectionSocketFactory - Secure session established
16:13:42.604 [main] DEBUG org.apache.http.conn.ssl.SSLConnectionSocketFactory -  negotiated protocol: TLSv1.3
16:13:42.604 [main] DEBUG org.apache.http.conn.ssl.SSLConnectionSocketFactory -  negotiated cipher suite: TLS_AES_256_GCM_SHA384
16:13:42.604 [main] DEBUG org.apache.http.conn.ssl.SSLConnectionSocketFactory -  peer principal: CN=api.demoblaze.com
16:13:42.604 [main] DEBUG org.apache.http.conn.ssl.SSLConnectionSocketFactory -  peer alternative names: [api.demoblaze.com]
16:13:42.604 [main] DEBUG org.apache.http.conn.ssl.SSLConnectionSocketFactory -  issuer principal: CN=WR3, O=Google Trust Services, C=US
16:13:42.604 [main] DEBUG org.apache.http.impl.conn.DefaultHttpClientConnectionOperator - Connection established 10.10.10.151:55411<->142.251.129.211:443
16:13:42.604 [main] DEBUG org.apache.http.impl.conn.DefaultManagedHttpClientConnection - http-outgoing-3: set socket timeout to 30000
16:13:42.604 [main] DEBUG org.apache.http.impl.execchain.MainClientExec - Executing request POST /login HTTP/1.1
16:13:42.604 [main] DEBUG org.apache.http.impl.execchain.MainClientExec - Target auth state: UNCHALLENGED
16:13:42.606 [main] DEBUG org.apache.http.impl.execchain.MainClientExec - Proxy auth state: UNCHALLENGED
16:13:42.606 [main] DEBUG org.apache.http.headers - http-outgoing-3 >> POST /login HTTP/1.1
16:13:42.606 [main] DEBUG org.apache.http.headers - http-outgoing-3 >> Content-Type: application/json; charset=UTF-8
16:13:42.606 [main] DEBUG org.apache.http.headers - http-outgoing-3 >> Accept: application/json
16:13:42.606 [main] DEBUG org.apache.http.headers - http-outgoing-3 >> Content-Length: 78
16:13:42.606 [main] DEBUG org.apache.http.headers - http-outgoing-3 >> Host: api.demoblaze.com
16:13:42.606 [main] DEBUG org.apache.http.headers - http-outgoing-3 >> Connection: Keep-Alive
16:13:42.606 [main] DEBUG org.apache.http.headers - http-outgoing-3 >> User-Agent: Apache-HttpClient/4.5.14 (Java/17.0.12)
16:13:42.606 [main] DEBUG org.apache.http.headers - http-outgoing-3 >> Accept-Encoding: gzip,deflate
16:13:42.606 [main] DEBUG org.apache.http.wire - http-outgoing-3 >> "POST /login HTTP/1.1[\r][\n]"
16:13:42.606 [main] DEBUG org.apache.http.wire - http-outgoing-3 >> "Content-Type: application/json; charset=UTF-8[\r][\n]"
16:13:42.606 [main] DEBUG org.apache.http.wire - http-outgoing-3 >> "Accept: application/json[\r][\n]"
16:13:42.606 [main] DEBUG org.apache.http.wire - http-outgoing-3 >> "Content-Length: 78[\r][\n]"
16:13:42.606 [main] DEBUG org.apache.http.wire - http-outgoing-3 >> "Host: api.demoblaze.com[\r][\n]"
16:13:42.606 [main] DEBUG org.apache.http.wire - http-outgoing-3 >> "Connection: Keep-Alive[\r][\n]"
16:13:42.606 [main] DEBUG org.apache.http.wire - http-outgoing-3 >> "User-Agent: Apache-HttpClient/4.5.14 (Java/17.0.12)[\r][\n]"
16:13:42.606 [main] DEBUG org.apache.http.wire - http-outgoing-3 >> "Accept-Encoding: gzip,deflate[\r][\n]"
16:13:42.606 [main] DEBUG org.apache.http.wire - http-outgoing-3 >> "[\r][\n]"
16:13:42.606 [main] DEBUG org.apache.http.wire - http-outgoing-3 >> "{"username":"uaf7ee3b08d85","password":"bd17ab33e854-44e5-9195-d48d747c3eeaX"}"
16:13:42.865 [main] DEBUG org.apache.http.wire - http-outgoing-3 << "HTTP/1.1 200 OK[\r][\n]"
16:13:42.865 [main] DEBUG org.apache.http.wire - http-outgoing-3 << "content-type: application/json[\r][\n]"
16:13:42.865 [main] DEBUG org.apache.http.wire - http-outgoing-3 << "vary: Accept-Encoding[\r][\n]"
16:13:42.865 [main] DEBUG org.apache.http.wire - http-outgoing-3 << "content-encoding: gzip[\r][\n]"
16:13:42.865 [main] DEBUG org.apache.http.wire - http-outgoing-3 << "x-cloud-trace-context: 8c108807645333ea219a19b009b91d4e[\r][\n]"
16:13:42.865 [main] DEBUG org.apache.http.wire - http-outgoing-3 << "date: Wed, 08 Oct 2025 21:13:37 GMT[\r][\n]"
16:13:42.865 [main] DEBUG org.apache.http.wire - http-outgoing-3 << "server: Google Frontend[\r][\n]"
16:13:42.865 [main] DEBUG org.apache.http.wire - http-outgoing-3 << "Transfer-Encoding: chunked[\r][\n]"
16:13:42.865 [main] DEBUG org.apache.http.wire - http-outgoing-3 << "[\r][\n]"
16:13:42.865 [main] DEBUG org.apache.http.wire - http-outgoing-3 << "00000001[\r][\n]"
16:13:42.865 [main] DEBUG org.apache.http.wire - http-outgoing-3 << "[0x1f][\r][\n]"
16:13:42.865 [main] DEBUG org.apache.http.wire - http-outgoing-3 << "00000001[\r][\n]"
16:13:42.865 [main] DEBUG org.apache.http.wire - http-outgoing-3 << "[0x8b][\r][\n]"
16:13:42.865 [main] DEBUG org.apache.http.wire - http-outgoing-3 << "00000001[\r][\n]"
16:13:42.865 [main] DEBUG org.apache.http.wire - http-outgoing-3 << "[0x8][\r][\n]"
16:13:42.865 [main] DEBUG org.apache.http.wire - http-outgoing-3 << "00000001[\r][\n]"
16:13:42.865 [main] DEBUG org.apache.http.wire - http-outgoing-3 << "[0x0][\r][\n]"
16:13:42.865 [main] DEBUG org.apache.http.wire - http-outgoing-3 << "00000001[\r][\n]"
16:13:42.865 [main] DEBUG org.apache.http.wire - http-outgoing-3 << "[0x0][\r][\n]"
16:13:42.865 [main] DEBUG org.apache.http.wire - http-outgoing-3 << "00000001[\r][\n]"
16:13:42.865 [main] DEBUG org.apache.http.wire - http-outgoing-3 << "[0x0][\r][\n]"
16:13:42.865 [main] DEBUG org.apache.http.wire - http-outgoing-3 << "00000001[\r][\n]"
16:13:42.865 [main] DEBUG org.apache.http.wire - http-outgoing-3 << "[0x0][\r][\n]"
16:13:42.865 [main] DEBUG org.apache.http.wire - http-outgoing-3 << "00000001[\r][\n]"
16:13:42.865 [main] DEBUG org.apache.http.wire - http-outgoing-3 << "[0x0][\r][\n]"
16:13:42.865 [main] DEBUG org.apache.http.wire - http-outgoing-3 << "00000001[\r][\n]"
16:13:42.865 [main] DEBUG org.apache.http.wire - http-outgoing-3 << "[0x4][\r][\n]"
16:13:42.865 [main] DEBUG org.apache.http.wire - http-outgoing-3 << "00000001[\r][\n]"
16:13:42.865 [main] DEBUG org.apache.http.wire - http-outgoing-3 << "[0x3][\r][\n]"
16:13:42.865 [main] DEBUG org.apache.http.wire - http-outgoing-3 << "00000001[\r][\n]"
16:13:42.865 [main] DEBUG org.apache.http.wire - http-outgoing-3 << "[0xaa][\r][\n]"
16:13:42.865 [main] DEBUG org.apache.http.wire - http-outgoing-3 << "00000001[\r][\n]"
16:13:42.865 [main] DEBUG org.apache.http.wire - http-outgoing-3 << "V[\r][\n]"
16:13:42.865 [main] DEBUG org.apache.http.wire - http-outgoing-3 << "00000001[\r][\n]"
16:13:42.865 [main] DEBUG org.apache.http.wire - http-outgoing-3 << "J[\r][\n]"
16:13:42.865 [main] DEBUG org.apache.http.wire - http-outgoing-3 << "00000001[\r][\n]"
16:13:42.865 [main] DEBUG org.apache.http.wire - http-outgoing-3 << "-[\r][\n]"
16:13:42.865 [main] DEBUG org.apache.http.wire - http-outgoing-3 << "00000001[\r][\n]"
16:13:42.865 [main] DEBUG org.apache.http.wire - http-outgoing-3 << "*[\r][\n]"
16:13:42.865 [main] DEBUG org.apache.http.wire - http-outgoing-3 << "00000001[\r][\n]"
16:13:42.865 [main] DEBUG org.apache.http.wire - http-outgoing-3 << "[0xca][\r][\n]"
16:13:42.865 [main] DEBUG org.apache.http.wire - http-outgoing-3 << "00000001[\r][\n]"
16:13:42.865 [main] DEBUG org.apache.http.wire - http-outgoing-3 << "/[\r][\n]"
16:13:42.865 [main] DEBUG org.apache.http.wire - http-outgoing-3 << "00001[\r][\n]"
16:13:42.865 [main] DEBUG org.apache.http.wire - http-outgoing-3 << "[0xf2][\r][\n]"
16:13:42.865 [main] DEBUG org.apache.http.wire - http-outgoing-3 << "2b[\r][\n]"
16:13:42.865 [main] DEBUG org.apache.http.wire - http-outgoing-3 << "M-.NLOU[0xb2]R[\n]"
16:13:42.865 [main] DEBUG org.apache.http.wire - http-outgoing-3 << "/[0xca][0xcf]KW(H,..[0xcf]/J[0xd1]S[0xaa][0xe5][0x2][0x0][0x0][0x0][0xff][0xff][0x3][0x0])u[0x13][0x97]#[0x0][0x0][0x0][\r][\n]"
16:13:42.865 [main] DEBUG org.apache.http.headers - http-outgoing-3 << HTTP/1.1 200 OK
16:13:42.865 [main] DEBUG org.apache.http.headers - http-outgoing-3 << content-type: application/json
16:13:42.865 [main] DEBUG org.apache.http.headers - http-outgoing-3 << vary: Accept-Encoding
16:13:42.865 [main] DEBUG org.apache.http.headers - http-outgoing-3 << content-encoding: gzip
16:13:42.865 [main] DEBUG org.apache.http.headers - http-outgoing-3 << x-cloud-trace-context: 8c108807645333ea219a19b009b91d4e
16:13:42.865 [main] DEBUG org.apache.http.headers - http-outgoing-3 << date: Wed, 08 Oct 2025 21:13:37 GMT
16:13:42.865 [main] DEBUG org.apache.http.headers - http-outgoing-3 << server: Google Frontend
16:13:42.865 [main] DEBUG org.apache.http.headers - http-outgoing-3 << Transfer-Encoding: chunked
16:13:42.865 [main] DEBUG org.apache.http.impl.execchain.MainClientExec - Connection can be kept alive indefinitely
16:13:42.874 [main] DEBUG org.apache.http.impl.conn.DefaultManagedHttpClientConnection - http-outgoing-3: Close connection
16:13:42.876 [main] DEBUG org.apache.http.impl.execchain.MainClientExec - Connection discarded
16:13:42.876 [main] DEBUG org.apache.http.impl.conn.PoolingHttpClientConnectionManager - Connection released: [id: 3][route: {s}->https://api.demoblaze.com:443][total available: 0; route allocated: 0 of 5; total allocated: 0 of 10]
16:13:42.876 [main] DEBUG org.apache.http.impl.conn.PoolingHttpClientConnectionManager - Connection manager is shutting down
16:13:42.876 [main] DEBUG org.apache.http.impl.conn.PoolingHttpClientConnectionManager - Connection manager shut down
16:13:42.876 [main] DEBUG com.intuit.karate - response time in milliseconds: 386
1 < 200
1 < content-type: application/json
1 < vary: Accept-Encoding
1 < x-cloud-trace-context: 8c108807645333ea219a19b009b91d4e
1 < date: Wed, 08 Oct 2025 21:13:37 GMT
1 < server: Google Frontend
1 < Transfer-Encoding: chunked
{"errorMessage":"Wrong password."}


16:13:42.876 [main] INFO com.intuit.karate - [print] {
  "loginError": "Wrong password."
}
 
16:13:42.886 [main] DEBUG com.jayway.jsonpath.internal.path.CompiledPath - Evaluating path: $
16:13:42.886 [main] DEBUG com.jayway.jsonpath.internal.path.CompiledPath - Evaluating path: $
16:13:42.903 [main] DEBUG com.jayway.jsonpath.internal.path.CompiledPath - Evaluating path: $
16:13:42.904 [main] DEBUG com.jayway.jsonpath.internal.path.CompiledPath - Evaluating path: $
16:13:42.995 [main] DEBUG org.thymeleaf.TemplateEngine - [THYMELEAF] INITIALIZING TEMPLATE ENGINE
16:13:43.366 [main] DEBUG org.thymeleaf.TemplateEngine.CONFIG - Initializing Thymeleaf Template engine configuration...
[THYMELEAF] TEMPLATE ENGINE CONFIGURATION:
[THYMELEAF] * Thymeleaf version: 3.0.14.RELEASE (built 2021-12-08T00:45:29+0000)
[THYMELEAF] * Cache Manager implementation: org.thymeleaf.cache.StandardCacheManager
[THYMELEAF] * Template resolvers:
[THYMELEAF]     * [1] com.intuit.karate.template.ResourceHtmlTemplateResolver
[THYMELEAF] * Message resolvers:
[THYMELEAF]     * org.thymeleaf.messageresolver.StandardMessageResolver
[THYMELEAF] * Link builders:
[THYMELEAF]     * org.thymeleaf.linkbuilder.StandardLinkBuilder
[THYMELEAF] * Dialect [1 of 2]: Standard (com.intuit.karate.template.KarateStandardDialect)
[THYMELEAF]     * Prefix: "th"
[THYMELEAF]     * Processors for Template Mode: HTML
[THYMELEAF]         * Element Tag Processors by [matching element and attribute name] [precedence]:
[THYMELEAF]             * [* {th:include,data-th-include}] [100]: org.thymeleaf.standard.processor.StandardIncludeTagProcessor
[THYMELEAF]             * [* {th:insert,data-th-insert}] [100]: org.thymeleaf.standard.processor.StandardInsertTagProcessor
[THYMELEAF]             * [* {th:replace,data-th-replace}] [100]: org.thymeleaf.standard.processor.StandardReplaceTagProcessor
[THYMELEAF]             * [* {th:substituteby,data-th-substituteby}] [100]: org.thymeleaf.standard.processor.StandardSubstituteByTagProcessor
[THYMELEAF]             * [* {th:each,data-th-each}] [200]: com.intuit.karate.template.KarateEachTagProcessor
[THYMELEAF]             * [* {th:switch,data-th-switch}] [250]: org.thymeleaf.standard.processor.StandardSwitchTagProcessor
[THYMELEAF]             * [* {th:case,data-th-case}] [275]: org.thymeleaf.standard.processor.StandardCaseTagProcessor
[THYMELEAF]             * [* {th:if,data-th-if}] [300]: org.thymeleaf.standard.processor.StandardIfTagProcessor
[THYMELEAF]             * [* {th:unless,data-th-unless}] [400]: org.thymeleaf.standard.processor.StandardUnlessTagProcessor
[THYMELEAF]             * [* {th:object,data-th-object}] [500]: org.thymeleaf.standard.processor.StandardObjectTagProcessor
[THYMELEAF]             * [* {th:with,data-th-with}] [600]: com.intuit.karate.template.KarateWithTagProcessor
[THYMELEAF]             * [* {th:attr,data-th-attr}] [700]: com.intuit.karate.template.KarateAttributeTagProcessor.KarateAttrTagProcessor
[THYMELEAF]             * [* {th:attrappend,data-th-attrappend}] [900]: com.intuit.karate.template.KarateAttributeTagProcessor.KarateAttrappendTagProcessor
[THYMELEAF]             * [* {th:attrprepend,data-th-attrprepend}] [900]: com.intuit.karate.template.KarateAttributeTagProcessor.KarateAttrprependTagProcessor
[THYMELEAF]             * [* {th:alt-title,data-th-alt-title}] [990]: org.thymeleaf.standard.processor.StandardAltTitleTagProcessor
[THYMELEAF]             * [* {th:lang-xmllang,data-th-lang-xmllang}] [990]: org.thymeleaf.standard.processor.StandardLangXmlLangTagProcessor
[THYMELEAF]             * [* {th:action,data-th-action}] [1000]: org.thymeleaf.standard.processor.StandardActionTagProcessor
[THYMELEAF]             * [* {th:default,data-th-default}] [1000]: org.thymeleaf.standard.processor.StandardConditionalFixedValueTagProcessor
[THYMELEAF]             * [* {th:disabled,data-th-disabled}] [1000]: org.thymeleaf.standard.processor.StandardConditionalFixedValueTagProcessor
[THYMELEAF]             * [* {th:async,data-th-async}] [1000]: org.thymeleaf.standard.processor.StandardConditionalFixedValueTagProcessor
[THYMELEAF]             * [* {th:loop,data-th-loop}] [1000]: org.thymeleaf.standard.processor.StandardConditionalFixedValueTagProcessor
[THYMELEAF]             * [* {th:open,data-th-open}] [1000]: org.thymeleaf.standard.processor.StandardConditionalFixedValueTagProcessor
[THYMELEAF]             * [* {th:hidden,data-th-hidden}] [1000]: org.thymeleaf.standard.processor.StandardConditionalFixedValueTagProcessor
[THYMELEAF]             * [* {th:nowrap,data-th-nowrap}] [1000]: org.thymeleaf.standard.processor.StandardConditionalFixedValueTagProcessor
[THYMELEAF]             * [* {th:formnovalidate,data-th-formnovalidate}] [1000]: org.thymeleaf.standard.processor.StandardConditionalFixedValueTagProcessor
[THYMELEAF]             * [* {th:multiple,data-th-multiple}] [1000]: org.thymeleaf.standard.processor.StandardConditionalFixedValueTagProcessor
[THYMELEAF]             * [* {th:selected,data-th-selected}] [1000]: org.thymeleaf.standard.processor.StandardConditionalFixedValueTagProcessor
[THYMELEAF]             * [* {th:autoplay,data-th-autoplay}] [1000]: org.thymeleaf.standard.processor.StandardConditionalFixedValueTagProcessor
[THYMELEAF]             * [* {th:readonly,data-th-readonly}] [1000]: org.thymeleaf.standard.processor.StandardConditionalFixedValueTagProcessor
[THYMELEAF]             * [* {th:novalidate,data-th-novalidate}] [1000]: org.thymeleaf.standard.processor.StandardConditionalFixedValueTagProcessor
[THYMELEAF]             * [* {th:scoped,data-th-scoped}] [1000]: org.thymeleaf.standard.processor.StandardConditionalFixedValueTagProcessor
[THYMELEAF]             * [* {th:checked,data-th-checked}] [1000]: org.thymeleaf.standard.processor.StandardConditionalFixedValueTagProcessor
[THYMELEAF]             * [* {th:pubdate,data-th-pubdate}] [1000]: org.thymeleaf.standard.processor.StandardConditionalFixedValueTagProcessor
[THYMELEAF]             * [* {th:defer,data-th-defer}] [1000]: org.thymeleaf.standard.processor.StandardConditionalFixedValueTagProcessor
[THYMELEAF]             * [* {th:controls,data-th-controls}] [1000]: org.thymeleaf.standard.processor.StandardConditionalFixedValueTagProcessor
[THYMELEAF]             * [* {th:required,data-th-required}] [1000]: org.thymeleaf.standard.processor.StandardConditionalFixedValueTagProcessor
[THYMELEAF]             * [* {th:autofocus,data-th-autofocus}] [1000]: org.thymeleaf.standard.processor.StandardConditionalFixedValueTagProcessor
[THYMELEAF]             * [* {th:declare,data-th-declare}] [1000]: org.thymeleaf.standard.processor.StandardConditionalFixedValueTagProcessor
[THYMELEAF]             * [* {th:reversed,data-th-reversed}] [1000]: org.thymeleaf.standard.processor.StandardConditionalFixedValueTagProcessor
[THYMELEAF]             * [* {th:seamless,data-th-seamless}] [1000]: org.thymeleaf.standard.processor.StandardConditionalFixedValueTagProcessor
[THYMELEAF]             * [* {th:ismap,data-th-ismap}] [1000]: org.thymeleaf.standard.processor.StandardConditionalFixedValueTagProcessor
[THYMELEAF]             * [* {th:ondragenter,data-th-ondragenter}] [1000]: org.thymeleaf.standard.processor.StandardDOMEventAttributeTagProcessor
[THYMELEAF]             * [* {th:onreset,data-th-onreset}] [1000]: org.thymeleaf.standard.processor.StandardDOMEventAttributeTagProcessor
[THYMELEAF]             * [* {th:onmouseup,data-th-onmouseup}] [1000]: org.thymeleaf.standard.processor.StandardDOMEventAttributeTagProcessor
[THYMELEAF]             * [* {th:ondurationchange,data-th-ondurationchange}] [1000]: org.thymeleaf.standard.processor.StandardDOMEventAttributeTagProcessor
[THYMELEAF]             * [* {th:onstorage,data-th-onstorage}] [1000]: org.thymeleaf.standard.processor.StandardDOMEventAttributeTagProcessor
[THYMELEAF]             * [* {th:onblur,data-th-onblur}] [1000]: org.thymeleaf.standard.processor.StandardDOMEventAttributeTagProcessor
[THYMELEAF]             * [* {th:ondrop,data-th-ondrop}] [1000]: org.thymeleaf.standard.processor.StandardDOMEventAttributeTagProcessor
[THYMELEAF]             * [* {th:onkeyup,data-th-onkeyup}] [1000]: org.thymeleaf.standard.processor.StandardDOMEventAttributeTagProcessor
[THYMELEAF]             * [* {th:onpopstate,data-th-onpopstate}] [1000]: org.thymeleaf.standard.processor.StandardDOMEventAttributeTagProcessor
[THYMELEAF]             * [* {th:oninput,data-th-oninput}] [1000]: org.thymeleaf.standard.processor.StandardDOMEventAttributeTagProcessor
[THYMELEAF]             * [* {th:ondragleave,data-th-ondragleave}] [1000]: org.thymeleaf.standard.processor.StandardDOMEventAttributeTagProcessor
[THYMELEAF]             * [* {th:ononline,data-th-ononline}] [1000]: org.thymeleaf.standard.processor.StandardDOMEventAttributeTagProcessor
[THYMELEAF]             * [* {th:onloadedmetadata,data-th-onloadedmetadata}] [1000]: org.thymeleaf.standard.processor.StandardDOMEventAttributeTagProcessor
[THYMELEAF]             * [* {th:oninvalid,data-th-oninvalid}] [1000]: org.thymeleaf.standard.processor.StandardDOMEventAttributeTagProcessor
[THYMELEAF]             * [* {th:onselect,data-th-onselect}] [1000]: org.thymeleaf.standard.processor.StandardDOMEventAttributeTagProcessor
[THYMELEAF]             * [* {th:onreadystatechange,data-th-onreadystatechange}] [1000]: org.thymeleaf.standard.processor.StandardDOMEventAttributeTagProcessor
[THYMELEAF]             * [* {th:oncanplaythrough,data-th-oncanplaythrough}] [1000]: org.thymeleaf.standard.processor.StandardDOMEventAttributeTagProcessor
[THYMELEAF]             * [* {th:onplaying,data-th-onplaying}] [1000]: org.thymeleaf.standard.processor.StandardDOMEventAttributeTagProcessor
[THYMELEAF]             * [* {th:onresize,data-th-onresize}] [1000]: org.thymeleaf.standard.processor.StandardDOMEventAttributeTagProcessor
[THYMELEAF]             * [* {th:onredo,data-th-onredo}] [1000]: org.thymeleaf.standard.processor.StandardDOMEventAttributeTagProcessor
[THYMELEAF]             * [* {th:onseeked,data-th-onseeked}] [1000]: org.thymeleaf.standard.processor.StandardDOMEventAttributeTagProcessor
[THYMELEAF]             * [* {th:onloadeddata,data-th-onloadeddata}] [1000]: org.thymeleaf.standard.processor.StandardDOMEventAttributeTagProcessor
[THYMELEAF]             * [* {th:onmessage,data-th-onmessage}] [1000]: org.thymeleaf.standard.processor.StandardDOMEventAttributeTagProcessor
[THYMELEAF]             * [* {th:onemptied,data-th-onemptied}] [1000]: org.thymeleaf.standard.processor.StandardDOMEventAttributeTagProcessor
[THYMELEAF]             * [* {th:onfocus,data-th-onfocus}] [1000]: org.thymeleaf.standard.processor.StandardDOMEventAttributeTagProcessor
[THYMELEAF]             * [* {th:onended,data-th-onended}] [1000]: org.thymeleaf.standard.processor.StandardDOMEventAttributeTagProcessor
[THYMELEAF]             * [* {th:onclick,data-th-onclick}] [1000]: org.thymeleaf.standard.processor.StandardDOMEventAttributeTagProcessor
[THYMELEAF]             * [* {th:onshow,data-th-onshow}] [1000]: org.thymeleaf.standard.processor.StandardDOMEventAttributeTagProcessor
[THYMELEAF]             * [* {th:onbeforeprint,data-th-onbeforeprint}] [1000]: org.thymeleaf.standard.processor.StandardDOMEventAttributeTagProcessor
[THYMELEAF]             * [* {th:onvolumechange,data-th-onvolumechange}] [1000]: org.thymeleaf.standard.processor.StandardDOMEventAttributeTagProcessor
[THYMELEAF]             * [* {th:onwaiting,data-th-onwaiting}] [1000]: org.thymeleaf.standard.processor.StandardDOMEventAttributeTagProcessor
[THYMELEAF]             * [* {th:ondblclick,data-th-ondblclick}] [1000]: org.thymeleaf.standard.processor.StandardDOMEventAttributeTagProcessor
[THYMELEAF]             * [* {th:onmousedown,data-th-onmousedown}] [1000]: org.thymeleaf.standard.processor.StandardDOMEventAttributeTagProcessor
[THYMELEAF]             * [* {th:onseeking,data-th-onseeking}] [1000]: org.thymeleaf.standard.processor.StandardDOMEventAttributeTagProcessor
[THYMELEAF]             * [* {th:onkeydown,data-th-onkeydown}] [1000]: org.thymeleaf.standard.processor.StandardDOMEventAttributeTagProcessor
[THYMELEAF]             * [* {th:onundo,data-th-onundo}] [1000]: org.thymeleaf.standard.processor.StandardDOMEventAttributeTagProcessor
[THYMELEAF]             * [* {th:onplay,data-th-onplay}] [1000]: org.thymeleaf.standard.processor.StandardDOMEventAttributeTagProcessor
[THYMELEAF]             * [* {th:onload,data-th-onload}] [1000]: org.thymeleaf.standard.processor.StandardDOMEventAttributeTagProcessor
[THYMELEAF]             * [* {th:onmousemove,data-th-onmousemove}] [1000]: org.thymeleaf.standard.processor.StandardDOMEventAttributeTagProcessor
[THYMELEAF]             * [* {th:onmousewheel,data-th-onmousewheel}] [1000]: org.thymeleaf.standard.processor.StandardDOMEventAttributeTagProcessor
[THYMELEAF]             * [* {th:onabort,data-th-onabort}] [1000]: org.thymeleaf.standard.processor.StandardDOMEventAttributeTagProcessor
[THYMELEAF]             * [* {th:onprogress,data-th-onprogress}] [1000]: org.thymeleaf.standard.processor.StandardDOMEventAttributeTagProcessor
[THYMELEAF]             * [* {th:onforminput,data-th-onforminput}] [1000]: org.thymeleaf.standard.processor.StandardDOMEventAttributeTagProcessor
[THYMELEAF]             * [* {th:ondrag,data-th-ondrag}] [1000]: org.thymeleaf.standard.processor.StandardDOMEventAttributeTagProcessor
[THYMELEAF]             * [* {th:onhashchange,data-th-onhashchange}] [1000]: org.thymeleaf.standard.processor.StandardDOMEventAttributeTagProcessor
[THYMELEAF]             * [* {th:onmouseout,data-th-onmouseout}] [1000]: org.thymeleaf.standard.processor.StandardDOMEventAttributeTagProcessor
[THYMELEAF]             * [* {th:onerror,data-th-onerror}] [1000]: org.thymeleaf.standard.processor.StandardDOMEventAttributeTagProcessor
[THYMELEAF]             * [* {th:ontimeupdate,data-th-ontimeupdate}] [1000]: org.thymeleaf.standard.processor.StandardDOMEventAttributeTagProcessor
[THYMELEAF]             * [* {th:onstalled,data-th-onstalled}] [1000]: org.thymeleaf.standard.processor.StandardDOMEventAttributeTagProcessor
[THYMELEAF]             * [* {th:onscroll,data-th-onscroll}] [1000]: org.thymeleaf.standard.processor.StandardDOMEventAttributeTagProcessor
[THYMELEAF]             * [* {th:onpause,data-th-onpause}] [1000]: org.thymeleaf.standard.processor.StandardDOMEventAttributeTagProcessor
[THYMELEAF]             * [* {th:oncanplay,data-th-oncanplay}] [1000]: org.thymeleaf.standard.processor.StandardDOMEventAttributeTagProcessor
[THYMELEAF]             * [* {th:onratechange,data-th-onratechange}] [1000]: org.thymeleaf.standard.processor.StandardDOMEventAttributeTagProcessor
[THYMELEAF]             * [* {th:onbeforeunload,data-th-onbeforeunload}] [1000]: org.thymeleaf.standard.processor.StandardDOMEventAttributeTagProcessor
[THYMELEAF]             * [* {th:onafterprint,data-th-onafterprint}] [1000]: org.thymeleaf.standard.processor.StandardDOMEventAttributeTagProcessor
[THYMELEAF]             * [* {th:onchange,data-th-onchange}] [1000]: org.thymeleaf.standard.processor.StandardDOMEventAttributeTagProcessor
[THYMELEAF]             * [* {th:onsubmit,data-th-onsubmit}] [1000]: org.thymeleaf.standard.processor.StandardDOMEventAttributeTagProcessor
[THYMELEAF]             * [* {th:onmouseover,data-th-onmouseover}] [1000]: org.thymeleaf.standard.processor.StandardDOMEventAttributeTagProcessor
[THYMELEAF]             * [* {th:onoffline,data-th-onoffline}] [1000]: org.thymeleaf.standard.processor.StandardDOMEventAttributeTagProcessor
[THYMELEAF]             * [* {th:ondragend,data-th-ondragend}] [1000]: org.thymeleaf.standard.processor.StandardDOMEventAttributeTagProcessor
[THYMELEAF]             * [* {th:onunload,data-th-onunload}] [1000]: org.thymeleaf.standard.processor.StandardDOMEventAttributeTagProcessor
[THYMELEAF]             * [* {th:onkeypress,data-th-onkeypress}] [1000]: org.thymeleaf.standard.processor.StandardDOMEventAttributeTagProcessor
[THYMELEAF]             * [* {th:ondragstart,data-th-ondragstart}] [1000]: org.thymeleaf.standard.processor.StandardDOMEventAttributeTagProcessor
[THYMELEAF]             * [* {th:ondragover,data-th-ondragover}] [1000]: org.thymeleaf.standard.processor.StandardDOMEventAttributeTagProcessor
[THYMELEAF]             * [* {th:onsuspend,data-th-onsuspend}] [1000]: org.thymeleaf.standard.processor.StandardDOMEventAttributeTagProcessor
[THYMELEAF]             * [* {th:onformchange,data-th-onformchange}] [1000]: org.thymeleaf.standard.processor.StandardDOMEventAttributeTagProcessor
[THYMELEAF]             * [* {th:oncontextmenu,data-th-oncontextmenu}] [1000]: org.thymeleaf.standard.processor.StandardDOMEventAttributeTagProcessor
[THYMELEAF]             * [* {th:onloadstart,data-th-onloadstart}] [1000]: org.thymeleaf.standard.processor.StandardDOMEventAttributeTagProcessor
[THYMELEAF]             * [* {th:href,data-th-href}] [1000]: org.thymeleaf.standard.processor.StandardHrefTagProcessor
[THYMELEAF]             * [* {th:inline,data-th-inline}] [1000]: org.thymeleaf.standard.processor.StandardInlineHTMLTagProcessor
[THYMELEAF]             * [* {th:method,data-th-method}] [1000]: org.thymeleaf.standard.processor.StandardMethodTagProcessor
[THYMELEAF]             * [* {th:type,data-th-type}] [1000]: org.thymeleaf.standard.processor.StandardNonRemovableAttributeTagProcessor
[THYMELEAF]             * [* {th:name,data-th-name}] [1000]: org.thymeleaf.standard.processor.StandardNonRemovableAttributeTagProcessor
[THYMELEAF]             * [* {th:min,data-th-min}] [1000]: org.thymeleaf.standard.processor.StandardRemovableAttributeTagProcessor
[THYMELEAF]             * [* {th:border,data-th-border}] [1000]: org.thymeleaf.standard.processor.StandardRemovableAttributeTagProcessor
[THYMELEAF]             * [* {th:placeholder,data-th-placeholder}] [1000]: org.thymeleaf.standard.processor.StandardRemovableAttributeTagProcessor
[THYMELEAF]             * [* {th:lang,data-th-lang}] [1000]: org.thymeleaf.standard.processor.StandardRemovableAttributeTagProcessor
[THYMELEAF]             * [* {th:hspace,data-th-hspace}] [1000]: org.thymeleaf.standard.processor.StandardRemovableAttributeTagProcessor
[THYMELEAF]             * [* {th:start,data-th-start}] [1000]: org.thymeleaf.standard.processor.StandardRemovableAttributeTagProcessor
[THYMELEAF]             * [* {th:classid,data-th-classid}] [1000]: org.thymeleaf.standard.processor.StandardRemovableAttributeTagProcessor
[THYMELEAF]             * [* {th:formtarget,data-th-formtarget}] [1000]: org.thymeleaf.standard.processor.StandardRemovableAttributeTagProcessor
[THYMELEAF]             * [* {th:spellcheck,data-th-spellcheck}] [1000]: org.thymeleaf.standard.processor.StandardRemovableAttributeTagProcessor
[THYMELEAF]             * [* {th:codebase,data-th-codebase}] [1000]: org.thymeleaf.standard.processor.StandardRemovableAttributeTagProcessor
[THYMELEAF]             * [* {th:kind,data-th-kind}] [1000]: org.thymeleaf.standard.processor.StandardRemovableAttributeTagProcessor
[THYMELEAF]             * [* {th:accesskey,data-th-accesskey}] [1000]: org.thymeleaf.standard.processor.StandardRemovableAttributeTagProcessor
[THYMELEAF]             * [* {th:label,data-th-label}] [1000]: org.thymeleaf.standard.processor.StandardRemovableAttributeTagProcessor
[THYMELEAF]             * [* {th:form,data-th-form}] [1000]: org.thymeleaf.standard.processor.StandardRemovableAttributeTagProcessor
[THYMELEAF]             * [* {th:cellpadding,data-th-cellpadding}] [1000]: org.thymeleaf.standard.processor.StandardRemovableAttributeTagProcessor
[THYMELEAF]             * [* {th:cols,data-th-cols}] [1000]: org.thymeleaf.standard.processor.StandardRemovableAttributeTagProcessor
[THYMELEAF]             * [* {th:scope,data-th-scope}] [1000]: org.thymeleaf.standard.processor.StandardRemovableAttributeTagProcessor
[THYMELEAF]             * [* {th:icon,data-th-icon}] [1000]: org.thymeleaf.standard.processor.StandardRemovableAttributeTagProcessor
[THYMELEAF]             * [* {th:formaction,data-th-formaction}] [1000]: org.thymeleaf.standard.processor.StandardRemovableAttributeTagProcessor
[THYMELEAF]             * [* {th:accept-charset,data-th-accept-charset}] [1000]: org.thymeleaf.standard.processor.StandardRemovableAttributeTagProcessor
[THYMELEAF]             * [* {th:formmethod,data-th-formmethod}] [1000]: org.thymeleaf.standard.processor.StandardRemovableAttributeTagProcessor
[THYMELEAF]             * [* {th:rowspan,data-th-rowspan}] [1000]: org.thymeleaf.standard.processor.StandardRemovableAttributeTagProcessor
[THYMELEAF]             * [* {th:content,data-th-content}] [1000]: org.thymeleaf.standard.processor.StandardRemovableAttributeTagProcessor
[THYMELEAF]             * [* {th:width,data-th-width}] [1000]: org.thymeleaf.standard.processor.StandardRemovableAttributeTagProcessor
[THYMELEAF]             * [* {th:enctype,data-th-enctype}] [1000]: org.thymeleaf.standard.processor.StandardRemovableAttributeTagProcessor
[THYMELEAF]             * [* {th:id,data-th-id}] [1000]: org.thymeleaf.standard.processor.StandardRemovableAttributeTagProcessor
[THYMELEAF]             * [* {th:rev,data-th-rev}] [1000]: org.thymeleaf.standard.processor.StandardRemovableAttributeTagProcessor
[THYMELEAF]             * [* {th:rel,data-th-rel}] [1000]: org.thymeleaf.standard.processor.StandardRemovableAttributeTagProcessor
[THYMELEAF]             * [* {th:vspace,data-th-vspace}] [1000]: org.thymeleaf.standard.processor.StandardRemovableAttributeTagProcessor
[THYMELEAF]             * [* {th:scheme,data-th-scheme}] [1000]: org.thymeleaf.standard.processor.StandardRemovableAttributeTagProcessor
[THYMELEAF]             * [* {th:tabindex,data-th-tabindex}] [1000]: org.thymeleaf.standard.processor.StandardRemovableAttributeTagProcessor
[THYMELEAF]             * [* {th:wrap,data-th-wrap}] [1000]: org.thymeleaf.standard.processor.StandardRemovableAttributeTagProcessor
[THYMELEAF]             * [* {th:keytype,data-th-keytype}] [1000]: org.thymeleaf.standard.processor.StandardRemovableAttributeTagProcessor
[THYMELEAF]             * [* {th:background,data-th-background}] [1000]: org.thymeleaf.standard.processor.StandardRemovableAttributeTagProcessor
[THYMELEAF]             * [* {th:charset,data-th-charset}] [1000]: org.thymeleaf.standard.processor.StandardRemovableAttributeTagProcessor
[THYMELEAF]             * [* {th:longdesc,data-th-longdesc}] [1000]: org.thymeleaf.standard.processor.StandardRemovableAttributeTagProcessor
[THYMELEAF]             * [* {th:rules,data-th-rules}] [1000]: org.thymeleaf.standard.processor.StandardRemovableAttributeTagProcessor
[THYMELEAF]             * [* {th:span,data-th-span}] [1000]: org.thymeleaf.standard.processor.StandardRemovableAttributeTagProcessor
[THYMELEAF]             * [* {th:step,data-th-step}] [1000]: org.thymeleaf.standard.processor.StandardRemovableAttributeTagProcessor
[THYMELEAF]             * [* {th:for,data-th-for}] [1000]: org.thymeleaf.standard.processor.StandardRemovableAttributeTagProcessor
[THYMELEAF]             * [* {th:height,data-th-height}] [1000]: org.thymeleaf.standard.processor.StandardRemovableAttributeTagProcessor
[THYMELEAF]             * [* {th:codetype,data-th-codetype}] [1000]: org.thymeleaf.standard.processor.StandardRemovableAttributeTagProcessor
[THYMELEAF]             * [* {th:abbr,data-th-abbr}] [1000]: org.thymeleaf.standard.processor.StandardRemovableAttributeTagProcessor
[THYMELEAF]             * [* {th:scrolling,data-th-scrolling}] [1000]: org.thymeleaf.standard.processor.StandardRemovableAttributeTagProcessor
[THYMELEAF]             * [* {th:media,data-th-media}] [1000]: org.thymeleaf.standard.processor.StandardRemovableAttributeTagProcessor
[THYMELEAF]             * [* {th:style,data-th-style}] [1000]: org.thymeleaf.standard.processor.StandardRemovableAttributeTagProcessor
[THYMELEAF]             * [* {th:alt,data-th-alt}] [1000]: org.thymeleaf.standard.processor.StandardRemovableAttributeTagProcessor
[THYMELEAF]             * [* {th:frame,data-th-frame}] [1000]: org.thymeleaf.standard.processor.StandardRemovableAttributeTagProcessor
[THYMELEAF]             * [* {th:srclang,data-th-srclang}] [1000]: org.thymeleaf.standard.processor.StandardRemovableAttributeTagProcessor
[THYMELEAF]             * [* {th:archive,data-th-archive}] [1000]: org.thymeleaf.standard.processor.StandardRemovableAttributeTagProcessor
[THYMELEAF]             * [* {th:autocomplete,data-th-autocomplete}] [1000]: org.thymeleaf.standard.processor.StandardRemovableAttributeTagProcessor
[THYMELEAF]             * [* {th:axis,data-th-axis}] [1000]: org.thymeleaf.standard.processor.StandardRemovableAttributeTagProcessor
[THYMELEAF]             * [* {th:marginwidth,data-th-marginwidth}] [1000]: org.thymeleaf.standard.processor.StandardRemovableAttributeTagProcessor
[THYMELEAF]             * [* {th:maxlength,data-th-maxlength}] [1000]: org.thymeleaf.standard.processor.StandardRemovableAttributeTagProcessor
[THYMELEAF]             * [* {th:poster,data-th-poster}] [1000]: org.thymeleaf.standard.processor.StandardRemovableAttributeTagProcessor
[THYMELEAF]             * [* {th:low,data-th-low}] [1000]: org.thymeleaf.standard.processor.StandardRemovableAttributeTagProcessor
[THYMELEAF]             * [* {th:marginheight,data-th-marginheight}] [1000]: org.thymeleaf.standard.processor.StandardRemovableAttributeTagProcessor
[THYMELEAF]             * [* {th:optimum,data-th-optimum}] [1000]: org.thymeleaf.standard.processor.StandardRemovableAttributeTagProcessor
[THYMELEAF]             * [* {th:draggable,data-th-draggable}] [1000]: org.thymeleaf.standard.processor.StandardRemovableAttributeTagProcessor
[THYMELEAF]             * [* {th:size,data-th-size}] [1000]: org.thymeleaf.standard.processor.StandardRemovableAttributeTagProcessor
[...]
[THYMELEAF]             * [* {th:dropzone,data-th-dropzone}] [1000]: org.thymeleaf.standard.processor.StandardRemovableAttributeTagProcessor
[THYMELEAF]             * [* {th:codebase,data-th-codebase}] [1000]: org.thymeleaf.standard.processor.StandardRemovableAttributeTagProcessor
[THYMELEAF]             * [* {th:archive,data-th-archive}] [1000]: org.thymeleaf.standard.processor.StandardRemovableAttributeTagProcessor
[THYMELEAF]             * [* {th:draggable,data-th-draggable}] [1000]: org.thymeleaf.standard.processor.StandardRemovableAttributeTagProcessor
[THYMELEAF]             * [* {th:datetime,data-th-datetime}] [1000]: org.thymeleaf.standard.processor.StandardRemovableAttributeTagProcessor
[THYMELEAF]             * [* {th:radiogroup,data-th-radiogroup}] [1000]: org.thymeleaf.standard.processor.StandardRemovableAttributeTagProcessor
[THYMELEAF]             * [* {th:tabindex,data-th-tabindex}] [1000]: org.thymeleaf.standard.processor.StandardRemovableAttributeTagProcessor
[THYMELEAF]             * [* {th:autocomplete,data-th-autocomplete}] [1000]: org.thymeleaf.standard.processor.StandardRemovableAttributeTagProcessor
[THYMELEAF]             * [* {th:bgcolor,data-th-bgcolor}] [1000]: org.thymeleaf.standard.processor.StandardRemovableAttributeTagProcessor
[THYMELEAF]             * [* {th:accesskey,data-th-accesskey}] [1000]: org.thymeleaf.standard.processor.StandardRemovableAttributeTagProcessor
[THYMELEAF]             * [* {th:frame,data-th-frame}] [1000]: org.thymeleaf.standard.processor.StandardRemovableAttributeTagProcessor
[THYMELEAF]             * [* {th:rows,data-th-rows}] [1000]: org.thymeleaf.standard.processor.StandardRemovableAttributeTagProcessor
[THYMELEAF]             * [* {th:formenctype,data-th-formenctype}] [1000]: org.thymeleaf.standard.processor.StandardRemovableAttributeTagProcessor
[THYMELEAF]             * [* {th:axis,data-th-axis}] [1000]: org.thymeleaf.standard.processor.StandardRemovableAttributeTagProcessor
[THYMELEAF]             * [* {th:sandbox,data-th-sandbox}] [1000]: org.thymeleaf.standard.processor.StandardRemovableAttributeTagProcessor
[THYMELEAF]             * [* {th:wrap,data-th-wrap}] [1000]: org.thymeleaf.standard.processor.StandardRemovableAttributeTagProcessor
[THYMELEAF]             * [* {th:standby,data-th-standby}] [1000]: org.thymeleaf.standard.processor.StandardRemovableAttributeTagProcessor
[THYMELEAF]             * [* {th:accept,data-th-accept}] [1000]: org.thymeleaf.standard.processor.StandardRemovableAttributeTagProcessor
[THYMELEAF]             * [* {th:preload,data-th-preload}] [1000]: org.thymeleaf.standard.processor.StandardRemovableAttributeTagProcessor
[THYMELEAF]             * [* {th:cellspacing,data-th-cellspacing}] [1000]: org.thymeleaf.standard.processor.StandardRemovableAttributeTagProcessor
[THYMELEAF]             * [* {th:step,data-th-step}] [1000]: org.thymeleaf.standard.processor.StandardRemovableAttributeTagProcessor
[THYMELEAF]             * [* {th:charset,data-th-charset}] [1000]: org.thymeleaf.standard.processor.StandardRemovableAttributeTagProcessor
[THYMELEAF]             * [* {th:rev,data-th-rev}] [1000]: org.thymeleaf.standard.processor.StandardRemovableAttributeTagProcessor
[THYMELEAF]             * [* {th:accept-charset,data-th-accept-charset}] [1000]: org.thymeleaf.standard.processor.StandardRemovableAttributeTagProcessor
[THYMELEAF]             * [* {th:vspace,data-th-vspace}] [1000]: org.thymeleaf.standard.processor.StandardRemovableAttributeTagProcessor
[THYMELEAF]             * [* {th:headers,data-th-headers}] [1000]: org.thymeleaf.standard.processor.StandardRemovableAttributeTagProcessor
[THYMELEAF]             * [* {th:max,data-th-max}] [1000]: org.thymeleaf.standard.processor.StandardRemovableAttributeTagProcessor
[THYMELEAF]             * [* {th:hreflang,data-th-hreflang}] [1000]: org.thymeleaf.standard.processor.StandardRemovableAttributeTagProcessor
[THYMELEAF]             * [* {th:marginheight,data-th-marginheight}] [1000]: org.thymeleaf.standard.processor.StandardRemovableAttributeTagProcessor
[THYMELEAF]             * [* {th:border,data-th-border}] [1000]: org.thymeleaf.standard.processor.StandardRemovableAttributeTagProcessor
[THYMELEAF]             * [* {th:placeholder,data-th-placeholder}] [1000]: org.thymeleaf.standard.processor.StandardRemovableAttributeTagProcessor
[THYMELEAF]             * [* {th:title,data-th-title}] [1000]: org.thymeleaf.standard.processor.StandardRemovableAttributeTagProcessor
[THYMELEAF]             * [* {th:start,data-th-start}] [1000]: org.thymeleaf.standard.processor.StandardRemovableAttributeTagProcessor
[THYMELEAF]             * [* {th:for,data-th-for}] [1000]: org.thymeleaf.standard.processor.StandardRemovableAttributeTagProcessor
[THYMELEAF]             * [* {th:high,data-th-high}] [1000]: org.thymeleaf.standard.processor.StandardRemovableAttributeTagProcessor
[THYMELEAF]             * [* {th:valuetype,data-th-valuetype}] [1000]: org.thymeleaf.standard.processor.StandardRemovableAttributeTagProcessor
[THYMELEAF]             * [* {th:compact,data-th-compact}] [1000]: org.thymeleaf.standard.processor.StandardRemovableAttributeTagProcessor
[THYMELEAF]             * [* {th:src,data-th-src}] [1000]: org.thymeleaf.standard.processor.StandardSrcTagProcessor
[THYMELEAF]             * [* {th:value,data-th-value}] [1000]: org.thymeleaf.standard.processor.StandardValueTagProcessor
[THYMELEAF]             * [* {th:xmlbase,data-th-xmlbase}] [1000]: org.thymeleaf.standard.processor.StandardXmlBaseTagProcessor
[THYMELEAF]             * [* {th:xmllang,data-th-xmllang}] [1000]: org.thymeleaf.standard.processor.StandardXmlLangTagProcessor
[THYMELEAF]             * [* {xmlns:th}] [1000]: org.thymeleaf.standard.processor.StandardXmlNsTagProcessor
[THYMELEAF]             * [* {th:xmlspace,data-th-xmlspace}] [1000]: org.thymeleaf.standard.processor.StandardXmlSpaceTagProcessor
[THYMELEAF]             * [* {th:classappend,data-th-classappend}] [1100]: org.thymeleaf.standard.processor.StandardClassappendTagProcessor
[THYMELEAF]             * [* {th:styleappend,data-th-styleappend}] [1100]: org.thymeleaf.standard.processor.StandardStyleappendTagProcessor
[THYMELEAF]             * [* {th:text,data-th-text}] [1300]: org.thymeleaf.standard.processor.StandardTextTagProcessor
[THYMELEAF]             * [* {th:utext,data-th-utext}] [1400]: org.thymeleaf.standard.processor.StandardUtextTagProcessor
[THYMELEAF]             * [* {th:fragment,data-th-fragment}] [1500]: org.thymeleaf.standard.processor.StandardFragmentTagProcessor
[THYMELEAF]             * [* {th:assert,data-th-assert}] [1550]: org.thymeleaf.standard.processor.StandardAssertTagProcessor
[THYMELEAF]             * [* {th:remove,data-th-remove}] [1600]: org.thymeleaf.standard.processor.StandardRemoveTagProcessor
[THYMELEAF]             * [* {th:ref,data-th-ref}] [10000]: org.thymeleaf.standard.processor.StandardRefAttributeTagProcessor
[THYMELEAF]             * [{th:block,th-block} *] [100000]: org.thymeleaf.standard.processor.StandardBlockTagProcessor
[THYMELEAF]             * [* th:*] [2147483647]: org.thymeleaf.standard.processor.StandardDefaultAttributesTagProcessor
[THYMELEAF]         * Text Processors by [precedence]:
[THYMELEAF]             * [1000]: org.thymeleaf.standard.processor.StandardInliningTextProcessor
[THYMELEAF]         * DOCTYPE Processors by [precedence]:
[THYMELEAF]             * [1000]: org.thymeleaf.standard.processor.StandardTranslationDocTypeProcessor
[THYMELEAF]         * CDATA Section Processors by [precedence]:
[THYMELEAF]             * [1000]: org.thymeleaf.standard.processor.StandardInliningCDATASectionProcessor
[THYMELEAF]         * Comment Processors by [precedence]:
[THYMELEAF]             * [1000]: org.thymeleaf.standard.processor.StandardInliningCommentProcessor
[THYMELEAF]             * [1100]: org.thymeleaf.standard.processor.StandardConditionalCommentProcessor
[THYMELEAF]     * Processors for Template Mode: XML
[THYMELEAF]         * Element Tag Processors by [matching element and attribute name] [precedence]:
[THYMELEAF]             * [* {th:include}] [100]: org.thymeleaf.standard.processor.StandardIncludeTagProcessor
[THYMELEAF]             * [* {th:insert}] [100]: org.thymeleaf.standard.processor.StandardInsertTagProcessor
[THYMELEAF]             * [* {th:replace}] [100]: org.thymeleaf.standard.processor.StandardReplaceTagProcessor
[THYMELEAF]             * [* {th:substituteby}] [100]: org.thymeleaf.standard.processor.StandardSubstituteByTagProcessor
[THYMELEAF]             * [* {th:each}] [200]: com.intuit.karate.template.KarateEachTagProcessor
[THYMELEAF]             * [* {th:switch}] [250]: org.thymeleaf.standard.processor.StandardSwitchTagProcessor
[THYMELEAF]             * [* {th:case}] [275]: org.thymeleaf.standard.processor.StandardCaseTagProcessor
[THYMELEAF]             * [* {th:if}] [300]: org.thymeleaf.standard.processor.StandardIfTagProcessor
[THYMELEAF]             * [* {th:unless}] [400]: org.thymeleaf.standard.processor.StandardUnlessTagProcessor
[THYMELEAF]             * [* {th:object}] [500]: org.thymeleaf.standard.processor.StandardObjectTagProcessor
[THYMELEAF]             * [* {th:with}] [600]: com.intuit.karate.template.KarateWithTagProcessor
[THYMELEAF]             * [* {th:attr}] [700]: com.intuit.karate.template.KarateAttributeTagProcessor.KarateAttrTagProcessor
[THYMELEAF]             * [* {th:attrappend}] [900]: com.intuit.karate.template.KarateAttributeTagProcessor.KarateAttrappendTagProcessor
[THYMELEAF]             * [* {th:attrprepend}] [900]: com.intuit.karate.template.KarateAttributeTagProcessor.KarateAttrprependTagProcessor
[THYMELEAF]             * [* {th:inline}] [1000]: org.thymeleaf.standard.processor.StandardInlineXMLTagProcessor
[THYMELEAF]             * [* {xmlns:th}] [1000]: org.thymeleaf.standard.processor.StandardXmlNsTagProcessor
[THYMELEAF]             * [* {th:text}] [1300]: org.thymeleaf.standard.processor.StandardTextTagProcessor
[THYMELEAF]             * [* {th:utext}] [1400]: org.thymeleaf.standard.processor.StandardUtextTagProcessor
[THYMELEAF]             * [* {th:fragment}] [1500]: org.thymeleaf.standard.processor.StandardFragmentTagProcessor
[THYMELEAF]             * [* {th:assert}] [1550]: org.thymeleaf.standard.processor.StandardAssertTagProcessor
[THYMELEAF]             * [* {th:remove}] [1600]: org.thymeleaf.standard.processor.StandardRemoveTagProcessor
[THYMELEAF]             * [* {th:ref}] [10000]: org.thymeleaf.standard.processor.StandardRefAttributeTagProcessor
[THYMELEAF]             * [{th:block} *] [100000]: org.thymeleaf.standard.processor.StandardBlockTagProcessor
[THYMELEAF]             * [* th:*] [2147483647]: org.thymeleaf.standard.processor.StandardDefaultAttributesTagProcessor
[THYMELEAF]         * Text Processors by [precedence]:
[THYMELEAF]             * [1000]: org.thymeleaf.standard.processor.StandardInliningTextProcessor
[THYMELEAF]         * CDATA Section Processors by [precedence]:
[THYMELEAF]             * [1000]: org.thymeleaf.standard.processor.StandardInliningCDATASectionProcessor
[THYMELEAF]         * Comment Processors by [precedence]:
[THYMELEAF]             * [1000]: org.thymeleaf.standard.processor.StandardInliningCommentProcessor
[THYMELEAF]     * Processors for Template Mode: TEXT
[THYMELEAF]         * Element Tag Processors by [matching element and attribute name] [precedence]:
[THYMELEAF]             * [* {th:insert}] [100]: org.thymeleaf.standard.processor.StandardInsertTagProcessor
[THYMELEAF]             * [* {th:replace}] [100]: org.thymeleaf.standard.processor.StandardReplaceTagProcessor
[THYMELEAF]             * [* {th:each}] [200]: com.intuit.karate.template.KarateEachTagProcessor
[THYMELEAF]             * [* {th:switch}] [250]: org.thymeleaf.standard.processor.StandardSwitchTagProcessor
[THYMELEAF]             * [* {th:case}] [275]: org.thymeleaf.standard.processor.StandardCaseTagProcessor
[THYMELEAF]             * [* {th:if}] [300]: org.thymeleaf.standard.processor.StandardIfTagProcessor
[THYMELEAF]             * [* {th:unless}] [400]: org.thymeleaf.standard.processor.StandardUnlessTagProcessor
[THYMELEAF]             * [* {th:object}] [500]: org.thymeleaf.standard.processor.StandardObjectTagProcessor
[THYMELEAF]             * [* {th:with}] [600]: com.intuit.karate.template.KarateWithTagProcessor
[THYMELEAF]             * [* {th:inline}] [1000]: org.thymeleaf.standard.processor.StandardInlineTextualTagProcessor
[THYMELEAF]             * [* {th:text}] [1300]: org.thymeleaf.standard.processor.StandardTextTagProcessor
[THYMELEAF]             * [* {th:utext}] [1400]: org.thymeleaf.standard.processor.StandardUtextTagProcessor
[THYMELEAF]             * [* {th:assert}] [1550]: org.thymeleaf.standard.processor.StandardAssertTagProcessor
[THYMELEAF]             * [* {th:remove}] [1600]: org.thymeleaf.standard.processor.StandardRemoveTagProcessor
[THYMELEAF]             * [* 100000] [org.thymeleaf.standard.processor.StandardBlockTagProcessor]: {}
[THYMELEAF]             * [{th:block} *] [100000]: org.thymeleaf.standard.processor.StandardBlockTagProcessor
[THYMELEAF]         * Text Processors by [precedence]:
[THYMELEAF]             * [1000]: org.thymeleaf.standard.processor.StandardInliningTextProcessor
[THYMELEAF]     * Processors for Template Mode: JAVASCRIPT
[THYMELEAF]         * Element Tag Processors by [matching element and attribute name] [precedence]:
[THYMELEAF]             * [* {th:insert}] [100]: org.thymeleaf.standard.processor.StandardInsertTagProcessor
[THYMELEAF]             * [* {th:replace}] [100]: org.thymeleaf.standard.processor.StandardReplaceTagProcessor
[THYMELEAF]             * [* {th:each}] [200]: com.intuit.karate.template.KarateEachTagProcessor
[THYMELEAF]             * [* {th:switch}] [250]: org.thymeleaf.standard.processor.StandardSwitchTagProcessor
[THYMELEAF]             * [* {th:case}] [275]: org.thymeleaf.standard.processor.StandardCaseTagProcessor
[THYMELEAF]             * [* {th:if}] [300]: org.thymeleaf.standard.processor.StandardIfTagProcessor
[THYMELEAF]             * [* {th:unless}] [400]: org.thymeleaf.standard.processor.StandardUnlessTagProcessor
[THYMELEAF]             * [* {th:object}] [500]: org.thymeleaf.standard.processor.StandardObjectTagProcessor
[THYMELEAF]             * [* {th:with}] [600]: com.intuit.karate.template.KarateWithTagProcessor
[THYMELEAF]             * [* {th:inline}] [1000]: org.thymeleaf.standard.processor.StandardInlineTextualTagProcessor
[THYMELEAF]             * [* {th:text}] [1300]: org.thymeleaf.standard.processor.StandardTextTagProcessor
[THYMELEAF]             * [* {th:utext}] [1400]: org.thymeleaf.standard.processor.StandardUtextTagProcessor
[THYMELEAF]             * [* {th:assert}] [1550]: org.thymeleaf.standard.processor.StandardAssertTagProcessor
[THYMELEAF]             * [* {th:remove}] [1600]: org.thymeleaf.standard.processor.StandardRemoveTagProcessor
[THYMELEAF]             * [* 100000] [org.thymeleaf.standard.processor.StandardBlockTagProcessor]: {}
[THYMELEAF]             * [{th:block} *] [100000]: org.thymeleaf.standard.processor.StandardBlockTagProcessor
[THYMELEAF]         * Text Processors by [precedence]:
[THYMELEAF]             * [1000]: org.thymeleaf.standard.processor.StandardInliningTextProcessor
[THYMELEAF]     * Processors for Template Mode: CSS
[THYMELEAF]         * Element Tag Processors by [matching element and attribute name] [precedence]:
[THYMELEAF]             * [* {th:insert}] [100]: org.thymeleaf.standard.processor.StandardInsertTagProcessor
[THYMELEAF]             * [* {th:replace}] [100]: org.thymeleaf.standard.processor.StandardReplaceTagProcessor
[THYMELEAF]             * [* {th:each}] [200]: com.intuit.karate.template.KarateEachTagProcessor
[THYMELEAF]             * [* {th:switch}] [250]: org.thymeleaf.standard.processor.StandardSwitchTagProcessor
[THYMELEAF]             * [* {th:case}] [275]: org.thymeleaf.standard.processor.StandardCaseTagProcessor
[THYMELEAF]             * [* {th:if}] [300]: org.thymeleaf.standard.processor.StandardIfTagProcessor
[THYMELEAF]             * [* {th:unless}] [400]: org.thymeleaf.standard.processor.StandardUnlessTagProcessor
[THYMELEAF]             * [* {th:object}] [500]: org.thymeleaf.standard.processor.StandardObjectTagProcessor
[THYMELEAF]             * [* {th:with}] [600]: com.intuit.karate.template.KarateWithTagProcessor
[THYMELEAF]             * [* {th:inline}] [1000]: org.thymeleaf.standard.processor.StandardInlineTextualTagProcessor
[THYMELEAF]             * [* {th:text}] [1300]: org.thymeleaf.standard.processor.StandardTextTagProcessor
[THYMELEAF]             * [* {th:utext}] [1400]: org.thymeleaf.standard.processor.StandardUtextTagProcessor
[THYMELEAF]             * [* {th:assert}] [1550]: org.thymeleaf.standard.processor.StandardAssertTagProcessor
[THYMELEAF]             * [* {th:remove}] [1600]: org.thymeleaf.standard.processor.StandardRemoveTagProcessor
[THYMELEAF]             * [* 100000] [org.thymeleaf.standard.processor.StandardBlockTagProcessor]: {}
[THYMELEAF]             * [{th:block} *] [100000]: org.thymeleaf.standard.processor.StandardBlockTagProcessor
[THYMELEAF]         * Text Processors by [precedence]:
[THYMELEAF]             * [1000]: org.thymeleaf.standard.processor.StandardInliningTextProcessor
[THYMELEAF]     * Expression Objects:
[THYMELEAF]         * #ctx
[THYMELEAF]         * #root
[THYMELEAF]         * #vars
[THYMELEAF]         * #object
[THYMELEAF]         * #locale
[THYMELEAF]         * #request
[THYMELEAF]         * #response
[THYMELEAF]         * #session
[THYMELEAF]         * #servletContext
[THYMELEAF]         * #conversions
[THYMELEAF]         * #uris
[THYMELEAF]         * #calendars
[THYMELEAF]         * #dates
[THYMELEAF]         * #bools
[THYMELEAF]         * #numbers
[THYMELEAF]         * #objects
[THYMELEAF]         * #strings
[THYMELEAF]         * #arrays
[THYMELEAF]         * #lists
[THYMELEAF]         * #sets
[THYMELEAF]         * #maps
[THYMELEAF]         * #aggregates
[THYMELEAF]         * #messages
[THYMELEAF]         * #ids
[THYMELEAF]         * #execInfo
[THYMELEAF]         * #httpServletRequest
[THYMELEAF]         * #httpSession
[THYMELEAF]     * Execution Attributes:
[THYMELEAF]         * "StandardExpressionParser": com.intuit.karate.template.KarateStandardDialect@154864f8
[THYMELEAF]         * "StandardJavaScriptSerializer": org.thymeleaf.standard.serializer.StandardJavaScriptSerializer@5b5b53c6
[THYMELEAF]         * "StandardCSSSerializer": org.thymeleaf.standard.serializer.StandardCSSSerializer@2ec0ca83
[THYMELEAF]         * "StandardVariableExpressionEvaluator": com.intuit.karate.template.KarateStandardDialect@154864f8
[THYMELEAF]         * "StandardConversionService": org.thymeleaf.standard.expression.StandardConversionService@3350ab4
[THYMELEAF] * Dialect [2 of 2]: karate (com.intuit.karate.template.KarateScriptDialect)
[THYMELEAF]     * Prefix: "ka"
[THYMELEAF]     * Processors for Template Mode: HTML
[THYMELEAF]         * Element Tag Processors by [matching element and attribute name] [precedence]:
[THYMELEAF]             * [* {src}] [1000]: com.intuit.karate.template.KaScriptAttrProcessor
[THYMELEAF]         * Element Model Processors by [matching element and attribute name] [precedence]:
[THYMELEAF]             * [{script} {ka:scope,data-ka-scope}] [1000]: com.intuit.karate.template.KaScriptElemProcessor
[THYMELEAF]             * [* {ka:set,data-ka-set}] [1000]: com.intuit.karate.template.KaSetElemProcessor
[THYMELEAF] TEMPLATE ENGINE CONFIGURED OK
16:13:45.245 [main] DEBUG org.thymeleaf.TemplateEngine - [THYMELEAF] TEMPLATE ENGINE INITIALIZED

HTML report: (paste into browser to view) | Karate version: 1.4.0
file:///C:/Users/aromero/OneDrive%20-%20RED%20TRANSACCIONAL%20COOPERATIVA%20RTC%20COONECTA/Escritorio/Karate-EJERCICIO2/karate-EJERCICIO2/target/karate-reports/karate-summary.html
===================================================================

]]></system-out>
  </testcase>
</testsuite>